13NOV2020|HIFA|0806|HBL Invest Fund|3|3.15|2.89|3.15|11500|3.15|||
13NOV2020|SINDM|0819|Sindh Modaraba|8.50|8.51|8.50|8.51|3000|8.60|||
13NOV2020|TSMF|0806|Tri-Star Mutual|4.10|4.50|3.90|4.28|4000|4.40|||
13NOV2020|FANM|0819|AL-Noor Mod|2.70|2.70|2.70|2.70|500|2.70|||
13NOV2020|ARM|0819|Allied Rent.|10|10|10|10|1500|10.50|||
13NOV2020|BFMOD|0819|B.F.Modaraba|6|6.22|6|6.22|4500|6|||
13NOV2020|BRR|0819|B.R.R.GuardianXD|10.94|10.94|10.94|10.94|500|10.76|||
13NOV2020|FECM|0819|Elite Cap.Mod|3.09|3.09|2.99|3|1500|2.81|||
13NOV2020|ORIXM|0819|Orix ModarabaXD|17.71|17.95|17.01|17.01|6500|18|||
13NOV2020|HMM|0819|Habib Metro Mod|8|8|8|8|500|8|||
13NOV2020|FTMM|0819|F.Treet Manuf|13.42|13.61|13.42|13.61|1000|14.50|||
13NOV2020|PIM|0819|Popular Islamic|5.93|5.93|5.93|5.93|500|5.55|||
13NOV2020|KASBM|0819|KASB Mod|1|1|1|1|8000|1.09|||
13NOV2020|FPRM|0819|Paramount Mod|5.50|5.50|4.50|5.49|31500|5.50|||
13NOV2020|PMI|0819|Prud Mod.1st|1.17|1.28|1.16|1.28|2500|1.18|||
13NOV2020|TRSM|0819|Trust Modaraba|2.99|3|2.99|3|3500|2.65|||
13NOV2020|FUDLM|0819|U.D.L.ModarabaXB|7.50|7.60|7.40|7.44|71500|7.45|||
13NOV2020|GRYL|0815|Grays Leasing|5.74|5.99|5.70|5.99|18000|5.64|||
13NOV2020|OLPL|0815|Orix Leasing|25.99|25.99|25.50|25.50|151000|26|||
13NOV2020|SLL|0815|SME Leasing Ltd|3.24|3.85|3.18|3.60|165500|3.02|||
13NOV2020|SPLC|0815|Saudi Pak Leasi|1.26|1.35|1.25|1.35|2500|1.39|||
13NOV2020|MCBAH|0813|MCB-ARIF Habib|29.90|29.90|28.76|29.08|1500|27.82|||
13NOV2020|AHL|0813|Arif Habib Ltd.|51.10|52.89|51.10|52.59|17500|52.05|||
13NOV2020|AHCL|0809|Arif Habib CorpXD|39|39|39|39|500|39.90|||
13NOV2020|ICIBL|0813|Invest Bank|0.95|1.11|0.95|1.04|18500|0.97|||
13NOV2020|FDIBL|0813|Ist.Dawood Bank|1.92|2.12|1.92|2.04|73500|2|||
13NOV2020|JSCL|0813|Jah.Sidd. Co.|21.80|22.59|21.72|22.10|2648000|22.42|||
13NOV2020|NEXT|0813|Next Capital|9.99|9.99|8.55|9.14|11500|9.49|||
13NOV2020|AMBL|0813|Apna Microfin.|21.20|21.25|21.20|21.25|1000|22.90|||
13NOV2020|ESBL|0813|Escorts Bank|10.01|10.45|10|10.30|42000|10.15|||
13NOV2020|PSX|0813|Pak Stock Exchange|13.32|13.45|13.28|13.37|137500|13.39|||
13NOV2020|FCSC|0813|Ist.Capital Sec|1.10|1.15|1.02|1.10|221500|1.13|||
13NOV2020|EFGH|0813|EFG Hermes Pak|21.99|22|20.76|21.51|8500|22|||
13NOV2020|FNEL|0813|F. Nat.Equities|13.30|13.90|13.03|13.61|539000|13.56|||
13NOV2020|JSGCL|0813|JS Global Cap.|58|58|58|58|1000|58.67|||
13NOV2020|786|0813|786 Invest Ltd|11.75|12.10|11.75|11.90|6000|12.02|||
13NOV2020|DEL|0813|Dawood Equities|5.20|5.20|5.20|5.20|1000|5.07|||
13NOV2020|PASL|0813|Pervez Ahmed Co|0.84|0.89|0.84|0.89|108000|0.84|||
13NOV2020|ABL|0807|Allied Bank Ltd|85|85|85|85|500|85|||
13NOV2020|SMBL|0807|Summit Bank|1.92|2.10|1.92|2.10|146500|2.11|||
13NOV2020|AKBL|0807|Askari Bank|18.48|18.64|18.30|18.53|67000|18.48|||
13NOV2020|BAFL|0807|Bank Al-Falah|35.58|35.65|35.25|35.46|340786|35.26|||
13NOV2020|BIPL|0807|Bankislami Pak.|10.34|10.49|9.95|10.10|6168000|10.09|||
13NOV2020|BOK|0807|Bank Of Khyber|13.59|13.59|13.59|13.59|500|14.49|||
13NOV2020|BAHL|0807|Bank AL-Habib|68.50|69.28|68.50|69|37518|69.02|||
13NOV2020|BOP|0807|B.O.Punjab|9.15|9.16|9|9.12|643500|9.07|||
13NOV2020|FABL|0807|Faysal Bank|16.55|16.79|16.12|16.28|154500|16.53|||
13NOV2020|HBL|0807|Habib Bank|130.51|132|130.05|131.13|674964|130.18|||
13NOV2020|MEBL|0807|Meezan BankXD|89|89.90|88.75|89.40|293536|89.79|||
13NOV2020|NBP|0807|National Bank|38.52|39.90|38.20|39.59|689000|38.55|||
13NOV2020|HMB|0807|Habib Metropol.XD|37.25|37.30|36.90|37.30|4500|37.25|||
13NOV2020|MCB|0807|MCB Bank Ltd|171|174.50|171|173.45|305930|172.85|||
13NOV2020|JSBL|0807|JS Bank Ltd|6.35|6.35|6.15|6.35|239500|6.35|||
13NOV2020|SBL|0807|Samba Bank|7.79|7.79|7.15|7.55|6500|7.50|||
13NOV2020|SILK|0807|Silk Bank Ltd|0.99|0.99|0.95|0.95|1029000|0.96|||
13NOV2020|SNBL|0807|Soneri Bank Ltd|10.23|10.35|9.63|9.76|2284500|9.99|||
13NOV2020|SCBPL|0807|St.Chart.Bank|35.40|35.40|35.35|35.37|15000|36.03|||
13NOV2020|UBL|0807|United Bank|113.55|115.14|112.10|114.48|637216|113.81|||
13NOV2020|AICL|0812|Adamjee Ins.|37|37.65|36.56|37.03|65500|37|||
13NOV2020|IGIL|0812|IGI Life Ins|64|66|62|65.16|45000|62.93|||
13NOV2020|AGIC|0812|Ask.Gen.Insur.|23.23|23.23|23.20|23.20|3500|24|||
13NOV2020|CYAN|0812|Cyan Limited|29.25|30.50|29.25|29.70|10500|29.37|||
13NOV2020|JLICL|0812|Jubile Life Ins|393|395|393|393|800|393|||
13NOV2020|CSIL|0812|Cres.Star Ins.|2.75|2.75|2.55|2.60|444000|2.67|||
13NOV2020|EFUG|0812|EFU General|116|116|116|116|100|116|||
13NOV2020|HICL|0812|Habib Ins.|8.59|8.59|8.59|8.59|500|8.49|||
13NOV2020|IGIHL|0812|IGI Holdings|194.90|200.50|194|199.75|92400|192.66|||
13NOV2020|ALAC|0812|Askari Life Ass|7.40|7.74|7.35|7.42|20500|7.55|||
13NOV2020|ATIL|0812|Atlas Ins. Ltd|56|56|55.55|55.55|2500|56|||
13NOV2020|JGICL|0812|Jubilee Gen.Ins|45|45.25|45|45.25|6500|45.06|||
13NOV2020|PIL|0812|PICIC Ins.Ltd.|1.68|1.79|1.60|1.69|60500|1.52|||
13NOV2020|PKGI|0812|Pak Gen.Ins.|2.70|2.70|2.70|2.70|500|2.60|||
13NOV2020|PAKRI|0812|Pak Reinsurance|25.26|25.60|25.01|25.60|8500|25.50|||
13NOV2020|RICL|0812|Reliance Ins.|7.01|7.90|7.01|7.50|3500|7.55|||
13NOV2020|TPLI|0812|TPL Insurance|25|28|25|28|3000|27|||
13NOV2020|UNIC|0812|United InsuranceXD|7.01|7.10|7.01|7.10|2000|7|||
13NOV2020|UVIC|0812|Universal Ins.|5.25|5.25|5.25|5.25|2000|5.15|||
13NOV2020|ASTM|0830|Asim Textile|8.10|8.30|8|8.16|13500|8.38|||
13NOV2020|BILF|0830|Bilal Fibres|1.49|1.85|1.49|1.68|286000|1.46|||
13NOV2020|CWSM|0830|Chakwal Spinning|2|2.39|2|2.13|460500|2.05|||
13NOV2020|HIRAT|0830|Hira Textile|2.62|3.10|2.62|2.98|376500|2.76|||
13NOV2020|CFL|0830|Crescent Fibres|43.29|43.29|43.29|43.29|500|40.27|||
13NOV2020|DFSM|0830|Dewan Farooque Sp.|2.10|2.30|2.08|2.13|633000|2|||
13NOV2020|DWTM|0830|Dewan Textile|2.50|2.50|2.50|2.50|1000|2|||
13NOV2020|DSIL|0830|D.S. Ind. Ltd.|2.37|2.58|2.34|2.43|1220500|2.30|||
13NOV2020|ELCM|0830|Elahi Cotton|37|37|37|37|1000|40|||
13NOV2020|FZCM|0830|Fazal Cloth|145|145|126|127.50|4300|135.59|||
13NOV2020|GADT|0830|Gadoon Textile|176|186.50|176|185.63|73100|176|||
13NOV2020|IDYM|0830|Indus Dyeing|540.01|540.05|540|540|350|541|||
13NOV2020|JATM|0830|J.A.Textile|7.30|7.95|7.30|7.89|30000|7.13|||
13NOV2020|JKSM|0830|J.K.SpinningXB|37|37|36.99|37|4000|39|||
13NOV2020|JDMT|0830|Janana D Mal|0|88|88|85.89|1000|85.89|||
13NOV2020|KHSM|0830|Khurshid Spinning|8.30|8.65|7.50|8.35|24000|7.65|||
13NOV2020|KOSM|0830|Kohinoor Spining|3.49|4.23|3.49|3.93|10058000|3.49|||
13NOV2020|MQTM|0830|Maqbool Textile|24.99|24.99|22.02|22.02|1500|23.61|||
13NOV2020|NCML|0830|Nazir Cotton Mills|3.66|3.85|3.66|3.80|17000|3.21|||
13NOV2020|OML|0818|Olympia Mills|12|12|12|12|500|12.03|||
13NOV2020|RAVT|0830|Ravi Textile|5.10|6.07|5.10|6.03|295500|5.10|||
13NOV2020|RUBY|0830|Ruby Textile|7.58|7.58|7|7.01|13500|7|||
13NOV2020|SAIF|0830|Saif Textile|14.50|14.82|14.50|14.82|161000|13.79|||
13NOV2020|SNAI|0830|Sana IndXD|45.01|45.01|45.01|45.01|500|46.67|||
13NOV2020|SSML|0830|Saritow Spinning|5.49|6.31|5.49|6.31|632500|5.31|||
13NOV2020|SERT|0830|Service Textile|16.75|17|15.65|16.84|303500|15.82|||
13NOV2020|SHDT|0830|Shadab TextileXD|35|35.89|33|35.70|4000|35.40|||
13NOV2020|SHCM|0830|Shadman Cotton|9.42|9.44|9.42|9.44|3500|8.44|||
13NOV2020|UNITY|0834|Unity Foods Ltd|22.36|22.98|22.21|22.53|19558500|22.35|||
13NOV2020|TATM|0830|Tata Textile|53.95|53.95|48.50|49.25|37000|51.87|||
13NOV2020|ASHT|0831|Ashfaq TextileXB|8.31|8.31|8.31|8.31|1500|9|||
13NOV2020|FML|0829|Feroze 1888|102.50|105.40|98.02|103.36|6500|99.24|||
13NOV2020|SMTM|0831|Samin Textile|3.49|3.50|3.25|3.25|18500|3.28|||
13NOV2020|SERF|0831|Service Fabrics|19.40|22.48|19.40|19.40|4630000|20.97|||
13NOV2020|YOUW|0831|Yousuf Weaving|3.62|4.10|3.62|3.86|1626500|3.70|||
13NOV2020|ZTL|0831|Zephyr Textile|10.10|10.60|10.10|10.46|43500|10.01|||
13NOV2020|ADMM|0829|Artistic Denim|80|81|80|80|13000|79.41|||
13NOV2020|CRTM|0829|Crescent Tex.|21.50|22.12|20.80|22.05|1180000|20.58|||
13NOV2020|NCL|0829|Nishat (Chun.)XD|36|36.94|36|36.23|83000|36|||
13NOV2020|REWM|0829|Reliance Weaving|36|36|35.51|35.51|1500|37|||
13NOV2020|GFIL|0829|Ghazi Fabrics|4.40|4.80|4.30|4.57|37500|4.12|||
13NOV2020|GATM|0829|Gul Ahmed|34.20|34.50|33.80|34.14|464500|34|||
13NOV2020|HAFL|0829|Hafiz Limited|102.65|102.65|102.65|102.65|500|95.49|||
13NOV2020|ILP|0829|Interloop Ltd.|57.30|57.97|56.16|56.94|272500|57.39|||
13NOV2020|ANTM|0829|AN Textile Mill|10.28|10.28|10|10|2000|10.29|||
13NOV2020|JUBS|0829|Jubilee Spinning|4.14|4.50|4|4.25|44000|3.93|||
13NOV2020|KML|0829|Kohinoor Mills|34.40|36|34.40|35.86|6000|34.50|||
13NOV2020|KOIL|0829|Kohinoor Ind.XD|9|9.89|9|9.20|394000|9.10|||
13NOV2020|KTML|0829|Kohinoor TextileXD|56.90|58|56.50|58|12500|57.90|||
13NOV2020|ANL|0829|Azgard Nine|19.85|19.98|19.50|19.68|226000|19.70|||
13NOV2020|MTIL|0829|Mian Textile|8.30|9|8|8.97|71000|8|||
13NOV2020|NML|0829|Nishat Mills LtdXD|89.99|91.49|89|90.10|327500|89.94|||
13NOV2020|REDCO|0829|Redco Textile|6|6.49|6|6.20|50500|6|||
13NOV2020|SFL|0829|Sapphire Fiber|801|920.43|801|915.15|1700|856.22|||
13NOV2020|SURC|0829|Suraj CottonXB|204.85|204.85|200.10|201.05|300|200|||
13NOV2020|TOWL|0829|Towellers Limited|72.20|72.20|72.20|72.20|500|72.20|||
13NOV2020|MSOT|0829|Masood Textile|50|56.99|49.05|55.68|40000|53.02|||
13NOV2020|QUET|0829|Quetta Textile|9.03|9.03|9|9|5500|10|||
13NOV2020|SAPT|0829|Sapphire Tex.|981|1139.51|981|1137.53|2100|1060.01|||
13NOV2020|BNWM|0835|Bannu Woollen|41.20|41.50|41.20|41.50|5500|40.84|||
13NOV2020|AGL|0805|Agritech Limited|4.77|4.95|4.70|4.81|464500|4.81|||
13NOV2020|PSYL|0827|Pak Synthetics|0|17.90|17.90|18.20|500|18.20|||
13NOV2020|RUPL|0827|Rupali Polyester|21.20|21.20|18.27|19|39500|19.75|||
13NOV2020|TRPOL|0827|Tri-Star Poly|7.97|8.20|7.91|8.04|145000|7.94|||
13NOV2020|THALL|0802|Thal Limited|443|449|443|445.94|10500|449.94|||
13NOV2020|AABS|0826|AL-Abbas Sugar|335|335|335|332.50|200|332.50|||
13NOV2020|AGSML|0826|Abdullah Shah|2.79|2.85|2.75|2.77|81500|2.79|||
13NOV2020|CHAS|0826|Chashma Sugar|91|91|90|91|1500|92|||
13NOV2020|IMSL|0826|Imperial Sugar Ltd.|13.03|13.48|13.02|13.03|6000|13.01|||
13NOV2020|CCM|0830|Crescent Cotton|36.80|36.98|36.80|36.98|4500|34.40|||
13NOV2020|FCEPL|0810|Frieslandcampina|68.01|68.88|67.50|67.97|14000|68.75|||
13NOV2020|FRSM|0826|Faran Sugar|49|49|47.50|47.60|4500|49|||
13NOV2020|HABSM|0826|Habib Sugar|35.10|35.10|34.51|34.92|36000|35.06|||
13NOV2020|HRPL|0826|Habib Rice Prod|32.94|32.94|32.94|32.94|500|32.35|||
13NOV2020|HSM|0826|Husein Sugar|18.09|18.50|18|18.23|18000|17.86|||
13NOV2020|KPUS|0826|Khairpur Sugar|73|77.85|73|73|1000|72.99|||
13NOV2020|JSML|0826|Jauharabad Sug|26|26.20|25.50|25.57|11000|26.01|||
13NOV2020|MIRKS|0826|Mirpurkhas Sugar|88|94|88|94|4500|94.68|||
13NOV2020|SKRS|0826|Sakrand Sugar|10.55|10.70|9.44|9.66|910000|10.44|||
13NOV2020|SHSML|0826|Shahmurad Sugar|100|100|98|98|5000|100|||
13NOV2020|SML|0826|Shakarganj Limited|44|45.68|44|44.75|47000|42.50|||
13NOV2020|SASML|0826|Sindh Abadgar|13.28|13.28|13.28|13.28|500|12.50|||
13NOV2020|ACPL|0804|Attock Cement|145|148|145|145.01|4500|146.75|||
13NOV2020|BWCL|0804|Bestway CementXD|155|155|153|153.20|1300|155|||
13NOV2020|CHCC|0804|Cherat Cement|130|134|127.50|131.28|331000|130.11|||
13NOV2020|DGKC|0804|D.G.K.Cement|105.84|108.19|105|107.10|1313008|105.53|||
13NOV2020|POWER|0804|Power Cement|9.82|10.14|9.72|9.90|8104000|9.83|||
13NOV2020|POWERPS|0804|Power Cem(Pref)|11.25|11.25|11.25|11.25|25000|11.25|||
13NOV2020|FCCL|0804|Fauji Cement|20.55|21.20|20.35|20.72|2306000|20.65|||
13NOV2020|FECTC|0804|Fecto Cement|30.72|32.50|30.72|32.50|3000|31.62|||
13NOV2020|FLYNG|0804|Flying Cement|9.16|10|9.16|9.86|31000|9.54|||
13NOV2020|GWLC|0804|Gharibwal Cement|27.26|28.90|27.26|28.05|115500|28.17|||
13NOV2020|KOHC|0804|Kohat Cement|215|216|211.60|212.37|84500|213.15|||
13NOV2020|LUCK|0804|Lucky Cement|653.01|667.98|651.52|659.76|512156|656.35|||
13NOV2020|MLCF|0804|Maple Leaf|39.56|40.80|39.20|40.36|11996554|39.99|||
13NOV2020|DCL|0804|Dewan Cement|9.50|9.70|9.33|9.60|556000|9.53|||
13NOV2020|PIOC|0804|Pioneer Cement|88.50|90.50|86.51|89.10|773500|88.12|||
13NOV2020|SMCPL|0804|Safe Mix Con.Lt|6.99|6.99|6.90|6.90|3500|6.78|||
13NOV2020|THCCL|0804|Thatta Cement|19|20.45|19|20.05|51000|20.05|||
13NOV2020|KHTC|0832|Khyber Tobacco|339|349|339|349|2200|336.80|||
13NOV2020|PMPK|0832|Philip Morris Pak.|1464.50|1500|1464.50|1500|100|1452|||
13NOV2020|ATRL|0825|Attock Refinery|133.98|143.80|131.10|138.40|4290000|134.72|||
13NOV2020|BYCO|0825|Byco Petroleum|9|9.70|8.87|9.39|5409500|9.03|||
13NOV2020|NRL|0825|National Refinery|161.98|175.50|160.68|170.07|987500|163.29|||
13NOV2020|PRL|0825|Pak Refinery|17.54|18.85|17|18.45|28267000|17.65|||
13NOV2020|ALTN|0824|Altern Energy|26|26|26|26|9000|26.05|||
13NOV2020|EPQL|0824|Engro PowergenXD|20.15|20.15|19.80|19.94|135500|20|||
13NOV2020|HUBC|0824|Hub Power Co.|79.55|81.90|79.35|80.43|985462|79.84|||
13NOV2020|KEL|0824|K-Electric Ltd.|3.54|3.63|3.53|3.57|13110500|3.55|||
13NOV2020|KOHE|0824|Kohinoor Energy|34|34|34|34|500|33.50|||
13NOV2020|KOHP|0824|Kohinoor Power|3.47|4.12|3.41|3.84|161000|3.45|||
13NOV2020|LPL|0824|Lalpir PowerXD|13.25|13.25|12.50|12.54|718000|12.75|||
13NOV2020|KAPCO|0824|Kot Addu Power|27.98|28.50|27.60|27.94|1713000|27.86|||
13NOV2020|NCPL|0824|Nishat ChunPow|13.27|13.50|13.20|13.26|55500|13.39|||
13NOV2020|NPL|0824|Nishat Power|22|22|22|22|1500|22|||
13NOV2020|PKGP|0824|Pakgen PowerXD|19|19.01|19|19|7500|19.33|||
13NOV2020|SPWL|0824|Saif Power Ltd.|14.93|14.93|14.77|14.79|20500|14.75|||
13NOV2020|SEL|0824|Sitara Energy|17.62|19.45|17.60|18.53|1500|18.99|||
13NOV2020|TSPL|0824|Tri-Star Power XD|3.55|3.65|3.50|3.50|34000|3.50|||
13NOV2020|APL|0821|Attock Petroleum|320.01|324.90|320|322|6100|321.78|||
13NOV2020|PSO|0821|P.S.O.|197.05|198.48|193.50|194.37|781038|197.86|||
13NOV2020|BPL|0821|Burshane LPG|28|28|27.75|27.75|4000|28|||
13NOV2020|SHEL|0821|Shell Pakistan|232|235.70|230|232.99|162600|238.05|||
13NOV2020|SSGC|0821|Sui South Gas|14|14.20|13.60|14.01|609500|13.99|||
13NOV2020|SNGP|0821|Sui North Gas|48.14|49.40|47.14|47.14|6157692|50.96|||
13NOV2020|HASCOL|0821|Hascol Petrol|14.39|14.92|14.25|14.58|9802143|14.56|||
13NOV2020|HTL|0821|HI-Tech Lub.XD|40.95|41.30|40|40.71|106500|40.93|||
13NOV2020|MARI|0820|Mari Petroleum|1289|1298.40|1264.50|1286.40|25660|1278.82|||
13NOV2020|OGDC|0820|Oil & Gas Dev.XD|98.40|98.40|96.20|96.72|695854|98.58|||
13NOV2020|POL|0820|Pak Oilfields|365|365|352|356.81|573198|367.95|||
13NOV2020|PPL|0820|Pak PetroleumXD|86.50|87.84|86|86.83|806176|88.15|||
13NOV2020|AGHA|0808|Agha Steel Ind.|32.01|32.24|31.60|31.77|1897000|32.05|||
13NOV2020|ASL|0808|Aisha Steel Mill|14.85|15.28|14.85|15.10|2095000|15.10|||
13NOV2020|ASTL|0808|Amreli Steels|39.95|40.60|39.10|40.08|732000|39.83|||
13NOV2020|BCL|0808|Bolan Casting|88|91.50|85.75|90.04|55000|85.14|||
13NOV2020|DSL|0808|Dost Steels Ltd.|3.92|4|3.85|3.91|526000|3.94|||
13NOV2020|CSAP|0808|Crescent Steel|71.39|72.74|71.10|72.50|20000|71.57|||
13NOV2020|DKL|0808|Drekkar KingsXR|5.07|5.85|5.07|5.73|66500|6.07|||
13NOV2020|INIL|0808|Int. Ind.Ltd.|134|138.87|134|137.61|203500|135.37|||
13NOV2020|ISL|0808|Inter.Steel Ltd|70.15|71.50|69.50|71.03|732000|70.80|||
13NOV2020|ITTEFAQ|0808|Ittefaq Iron Ind|17.01|17.25|16.81|16.95|268500|17.10|||
13NOV2020|KSBP|0808|K.S.B.Pumps|390|399|386|393.06|15200|394.63|||
13NOV2020|MUGHAL|0808|Mughal Iron|62|62.45|60.06|61.29|430000|61.75|||
13NOV2020|MSCL|0808|Metro Steel|10.30|10.30|10.30|10.30|500|10.70|||
13NOV2020|PECO|0808|Pak Engineering|219.42|219.42|219.42|219.42|500|237.21|||
13NOV2020|AGTL|0801|AL-Ghazi Tractors|350|353.90|350|351.64|2700|354.70|||
13NOV2020|ATLH|0801|Atlas Honda Ltd|495|495|495|495|200|498|||
13NOV2020|DFML|0801|Dewan Motors|6.79|7|6.72|6.93|23500|6.79|||
13NOV2020|GAIL|0801|Ghani Automobile|5.13|5.15|5.04|5.09|141000|5.13|||
13NOV2020|GHNI|0801|Ghandhara Ind.|257.11|258.49|251.10|252.52|576200|256.12|||
13NOV2020|GHNL|0801|Ghand Nissan|87.20|89.99|84.16|86.01|214000|87.04|||
13NOV2020|HINO|0801|Hinopak Motor|412|417|406|408|2400|416.80|||
13NOV2020|HINOR|0801|Hinopak Mot(R)|161.01|169|160.02|164.84|14800|164.02|||
13NOV2020|HCAR|0801|Honda Atlas Cars|305.16|305.16|294.99|297.87|183700|304.66|||
13NOV2020|INDU|0801|Indus Motor CoXD|1198.99|1200|1180|1197.36|6550|1180.78|||
13NOV2020|MTL|0801|Millat Tractors|953|955|936.11|948.14|69350|950.15|||
13NOV2020|PSMC|0801|Pak Suzuki|198.10|202.45|196|198.42|135600|200.43|||
13NOV2020|SAZEW|0801|Sazgar Eng|143.50|143.50|139|139.42|414000|143.77|||
13NOV2020|ATBA|0802|Atlas Battery|239|240|230.13|235.46|9000|239.59|||
13NOV2020|EXIDE|0802|Exide (PAK)|350|350.01|349.99|350|1900|354|||
13NOV2020|GTYR|0802|General Tyre|64.50|65|63.20|63.72|108500|64.25|||
13NOV2020|LOADS|0802|Loads Limited|16.72|16.95|16.50|16.78|130000|16.98|||
13NOV2020|PCAL|0803|Pakistan Cables|130|130|129.27|129.91|2700|129.27|||
13NOV2020|PAEL|0803|Pak Elektron|33.26|33.58|32.51|33.06|3411000|33.19|||
13NOV2020|TPL|0828|TPL Corp Ltd|6.99|7.34|6.99|7.24|4197500|6.98|||
13NOV2020|TPLT|0828|TPL Trakker Ltd|9.78|9.90|9.78|9.84|20000|9.58|||
13NOV2020|AVN|0828|Avanceon Ltd|63.48|63.74|61.60|62.89|894500|63.12|||
13NOV2020|WAVES|0803|Waves Singer|25.01|25.90|25|25.58|335500|25.10|||
13NOV2020|SIEM|0803|Siemens Pak.|540|540|540|540|2000|538|||
13NOV2020|SPEL|0818|Synthetic Prod|42|42.25|41.49|41.49|42500|42.27|||
13NOV2020|SPELR|0818|Synthetic Prod(|11.95|12.19|11.25|12.19|6000|12.25|||
13NOV2020|PNSC|0833|P.N.S.CXD|88.50|93|88.11|91.63|11500|89.80|||
13NOV2020|PIBTL|0833|Pak Int.Bulk|12.05|12.45|12.03|12.22|4331500|12.15|||
13NOV2020|PICT|0833|Pak.Int.Cont.XD|183.50|186.99|182.20|185.83|6200|184.51|||
13NOV2020|PIAA|0833|P.I.A.C.(A)|4.49|4.55|4.43|4.48|124500|4.42|||
13NOV2020|HUMNL|0828|Hum Network|6.86|7|6.70|6.83|568500|6.94|||
13NOV2020|NETSOL|0828|Netsol Tech.|61|64|59.30|63.45|843500|60.73|||
13NOV2020|MDTL|0828|Media Times Ltd|1.01|1.10|1|1.04|318500|1.06|||
13NOV2020|SYS|0828|Systems Limited|334.98|358|329|354.17|527900|335.63|||
13NOV2020|PTC|0828|P.T.C.L.|8.99|8.99|8.86|8.90|783000|8.91|||
13NOV2020|TRG|0828|TRG Pak Ltd|53|53.75|51.51|52.54|15295500|53.17|||
13NOV2020|TELE|0828|Telecard Limited|1.59|1.60|1.52|1.53|157000|1.53|||
13NOV2020|WTL|0828|WorldCall Telecom|1.02|1.04|1|1.02|2970500|1.02|||
13NOV2020|DAWH|0813|Dawood HerculesXD|128.11|129.60|128|129.22|14502|129.33|||
13NOV2020|ENGRO|0809|Engro Corp|305|308.40|305|305.30|164982|305.17|||
13NOV2020|EFERT|0809|Engro Fert.|66.94|67.39|66.55|66.90|1441026|66.95|||
13NOV2020|FFBL|0809|Fauji Fert BinXR|21.67|21.90|21.15|21.48|2292000|21.67|||
13NOV2020|FFC|0809|Fauji Fert.|104.50|104.60|104.01|104.45|289895|104.74|||
13NOV2020|ABOT|0823|Abbott Lab.XD|730|735|725.20|730.27|11400|731.62|||
13NOV2020|AGP|0823|AGP LimitedXD|103|107.50|102.55|105.23|55500|105.40|||
13NOV2020|FEROZ|0823|Ferozsons (Lab)XB|314|315|310.05|312.97|48100|316.20|||
13NOV2020|GLAXO|0823|GlaxoSmithKline|180|183|180|181.03|54700|182.03|||
13NOV2020|GSKCH|0823|Glaxo Healthcar|262.98|265|262|262.80|2200|259.80|||
13NOV2020|HINOON|0823|Highnoon (Lab)|615|620|615|618.33|2400|616.50|||
13NOV2020|SAPL|0823|Sanofi-Aventis|760|800|760|800|500|766.01|||
13NOV2020|SEARL|0823|The Searle Co.XD|238|242.50|236|236.71|305327|241.23|||
13NOV2020|WYETH|0823|Wyeth Pak Ltd|1175.21|1175.21|1036|1114.29|6800|1093.22|||
13NOV2020|BAPL|0805|Bawany Air Products|16.90|18.90|16.90|17.95|12000|18|||
13NOV2020|BIFO|0805|Biafo Ind.XDXB|152.50|155|152.50|153.06|900|155.01|||
13NOV2020|BERG|0805|Berger Paints|81|82.10|81|82|6000|81|||
13NOV2020|ARPL|0805|Archroma Pak|549.31|559.90|542|550.73|1600|549.31|||
13NOV2020|COLG|0805|Colgate Palm|3000|3044|3000|3044|1120|3000|||
13NOV2020|CTM|0830|Colony Tex.Mills Ltd|4.29|4.60|4.13|4.32|2051000|4.24|||
13NOV2020|DOL|0805|Descon Oxychem|32.20|32.98|32|32.43|123500|32.72|||
13NOV2020|DYNO|0805|Dynea Pakistan|190|194.33|190|192.79|9500|190.60|||
13NOV2020|EPCL|0805|Engro Polymer|41.10|43.25|41.10|42.52|814500|42.52|||
13NOV2020|FATIMA|0809|Fatima Fert.|27.90|28.49|27.25|28.16|18000|27.71|||
13NOV2020|GGL|0805|Ghani Global Ho|14.69|14.69|14.10|14.29|1572500|14.53|||
13NOV2020|ICI|0805|ICI Pakistan|695|695|672|691.73|9150|688|||
13NOV2020|ICL|0805|Ittehad Chem.|32.50|32.60|31.75|31.97|54000|32.38|||
13NOV2020|LOTCHEM|0805|Lotte Chemical|12.11|12.39|12.06|12.27|1079500|12.15|||
13NOV2020|PPVC|0805|Pak.P.V.C.|3.10|3.10|3.10|3.10|1000|2.62|||
13NOV2020|NICL|0805|Nimir Ind.Chem.|91|91|88|88.83|21000|90.32|||
13NOV2020|PAKOXY|0805|Pak Oxygen Ltd.|154|154|150|151.35|4300|150|||
13NOV2020|NRSL|0805|Nimir Resins|8.03|8.28|8.03|8.14|383500|8.10|||
13NOV2020|SPL|0805|Sitara Peroxide|21.80|22.34|21.55|21.99|108000|22.13|||
13NOV2020|WAHN|0805|Wah-Noble|0|255|255|260|7700|260|||
13NOV2020|CEPB|0822|Century Paper XB|103.55|108|102.27|104.89|141000|105.12|||
13NOV2020|CPPL|0822|Cherat Pack|221.01|224.98|221.01|224.51|21400|227.18|||
13NOV2020|MERIT|0822|Merit Packaging|13.75|14.50|13.75|14|41500|13.94|||
13NOV2020|PKGS|0822|Packages Ltd.|482.01|489.50|482.01|488.69|1700|491.57|||
13NOV2020|PPP|0822|Pak Paper Prod|90|90|90|90|500|90.39|||
13NOV2020|RPL|0822|Roshan PackagesXD|35.12|36.50|35.12|35.96|70500|35.70|||
13NOV2020|SEPL|0822|Security Paper|175.05|182|175|180|5100|178|||
13NOV2020|POML|0834|Punjab Oil|139|139|139|139|700|140|||
13NOV2020|SSOM|0834|S.S.Oil|51|57.31|50|57.31|32500|53.32|||
13NOV2020|BATA|0816|Bata (Pak)|1325.01|1379|1325|1369.33|540|1353.33|||
13NOV2020|LEUL|0816|Leather Up Ltd.|14.50|14.50|14.50|14.50|500|14.50|||
13NOV2020|SRVI|0816|Service Ind.Ltd|729.99|745|729.99|733.49|3050|730|||
13NOV2020|ASC|0810|Al-Shaheer Corp|20|20.94|19.80|20.21|9633000|20.11|||
13NOV2020|PREMA|0810|At-Tahur Ltd.XB|17.90|17.90|17.40|17.42|332000|17.92|||
13NOV2020|CLOV|0810|Clover Pakistan|76.52|80.33|76.52|78.48|176000|77.27|||
13NOV2020|IBLHL|0823|IBL HealthCare|83|85.88|83|84.94|5500|84|||
13NOV2020|MACTER|0823|Macter Int. Ltd|121|129|121|129|1500|125|||
13NOV2020|ISIL|0810|Ismail Ind|361|361|361|361|100|379|||
13NOV2020|MFL|0810|Matco Foods Ltd|20|20.03|19.80|20.01|35000|19.80|||
13NOV2020|NESTLE|0810|Nestle PakistanXD|6337.12|6400|6337.12|6400|480|6330|||
13NOV2020|MFFL|0810|MithchellsFruit|498|498|479|479|1100|493.02|||
13NOV2020|MUREB|0810|Murree BreweryXD|545|545|545|545|1050|549|||
13NOV2020|NATF|0810|National FoodsXB|217|224|216|221.50|41400|218.78|||
13NOV2020|FFL|0810|Fauji Foods Ltd|14.11|14.69|14.01|14.50|4949500|14.28|||
13NOV2020|QUICE|0810|Quice Food|4.40|4.52|4.36|4.45|188500|4.42|||
13NOV2020|RMPL|0810|Rafhan MaizeXD|8150|8150|8150|8150|20|8205|||
13NOV2020|SHEZ|0810|Shezan Inter.|333.50|333.50|333.50|333.50|400|334.79|||
13NOV2020|TOMCL|0810|The Organic Mea|25.51|26.50|25.25|26.21|41000|25.87|||
13NOV2020|TREET|0810|Treet Corp|27.64|27.64|25.95|26.75|402000|27.09|||
13NOV2020|BGL|0811|Bal.Glass|6.20|6.54|6.20|6.52|146500|6.24|||
13NOV2020|EMCO|0803|EMCO Industries|30|30|30|30|5000|30.50|||
13NOV2020|FRCL|0811|Frontier Ceram|15.10|15.10|14.40|14.47|5000|15.55|||
13NOV2020|GHGL|0811|Ghani Glass Ltd|61.60|62.50|61.15|61.36|78500|61.50|||
13NOV2020|GGGL|0811|GhaniGlobalGlass|14|14.51|13.90|14.17|297000|14.07|||
13NOV2020|GVGL|0811|Ghani Value Glas|40.50|41.25|40.50|41.25|1500|40.97|||
13NOV2020|TGL|0811|Tariq Glass Ind.|83.50|84.60|82.50|83.52|101000|84.18|||
13NOV2020|STCL|0811|Shabbir Tiles|17.69|18|17.10|17.46|2565500|17.70|||
13NOV2020|GAMON|0818|Gammon Pak|13.85|13.85|13.85|13.85|500|13|||
13NOV2020|MACFL|0818|MACPAC Films|22.50|24.59|22.50|24.59|1604000|22.88|||
13NOV2020|ECOP|0818|ECOPACK Ltd|23.20|23.96|23|23.24|34500|23.34|||
13NOV2020|PACE|0818|Pace (Pak) Ltd.|2.90|3.02|2.90|2.99|250000|2.99|||
13NOV2020|SHFA|0818|Shifa Int.Hosp|202.05|204.75|200.11|202.29|53600|205.51|||
13NOV2020|STPL|0818|Siddiqsons Tin|14.12|14.30|13.90|14.02|390000|14.15|||
13NOV2020|TPLP|0818|TPL Properties|9.01|9.75|9|9.50|37000|9.33|||
13NOV2020|TRIPF|0818|Tri-Pack Films|170|177|170|173.18|32000|172|||
13NOV2020|UBDL|0818|United Brands|25.51|27.50|25.51|27.50|3500|27|||
13NOV2020|UDPL|0818|United Dist.|37|40.95|36.08|37.50|2500|39|||
13NOV2020|TELETFC|36|Telecard TFC|0|0|0|322.13|0|322.13|||
13NOV2020|BAFLTFC6|36|Bank Al-Falah(T|0|0|0|100.3750|0|100.3750|||
13NOV2020|DAWHSC1|36|Dawood Her(Suku|0|0|0|101.30|0|101.30|||
13NOV2020|UBLTFC5|36|United Bank(TFC|0|0|0|99.5633|0|99.5633|||
13NOV2020|EPCLSC|36|Engro Polymer(S|0|0|0|101.7750|0|101.7750|||
13NOV2020|PESC1|36|Pak Energy(Suku|0|0|0|107|0|107|||
13NOV2020|HUBCSC2|36|Hub PowerSC2|0|0|0|102.4624|0|102.4624|||
13NOV2020|BIPLSC|36|Bank IslamiSC|0|0|0|99.9999|0|99.9999|||
13NOV2020|PESC2|36|Pak Energy(Suku|0|0|0|100.3954|0|100.3954|||
13NOV2020|KELSC5|36|K-Electric(SUKUK5)|0|0|0|102.8165|0|102.8165|||
13NOV2020|FCCL-CNOV|40|FCCL-CNOV|0|0|0|20.80|0|20.74|||
13NOV2020|FFC-CNOV|40|FFC-CNOV|0|0|0|104.87|0|105.20|||
13NOV2020|HBL-CNOV|40|HBL-CNOV|0|0|0|131.66|0|130.75|||
13NOV2020|KAPCO-CNOV|40|KAPCO-CNOV|0|0|0|28.05|0|27.98|||
13NOV2020|NML-CNOV|40|NML-CNOV|0|0|0|90.47|0|90.33|||
13NOV2020|SNGP-CNOV|40|SNGP-CNOV|0|0|0|47.33|0|51.18|||
13NOV2020|UBL-CNOV|40|UBL-CNOV|0|0|0|114.94|0|114.31|||
13NOV2020|DGKC-CDEC|40|DGKC-CDEC|0|0|0|108.47|0|106.91|||
13NOV2020|FFC-CDEC|40|FFC-CDEC|0|0|0|105.79|0|106.11|||
13NOV2020|HBL-CDEC|40|HBL-CDEC|0|0|0|132.81|0|131.89|||
13NOV2020|KAPCO-CDEC|40|KAPCO-CDEC|0|0|0|28.30|0|28.23|||
13NOV2020|NML-CDEC|40|NML-CDEC|0|0|0|91.25|0|91.12|||
13NOV2020|UBL-CDEC|40|UBL-CDEC|0|0|0|115.94|0|115.30|||
13NOV2020|DGKC-CJAN|40|DGKC-CJAN|0|0|0|109.64|0|108.07|||
13NOV2020|FFC-CJAN|40|FFC-CJAN|0|0|0|106.93|0|107.26|||
13NOV2020|HBL-CJAN|40|HBL-CJAN|0|0|0|134.24|0|133.31|||
13NOV2020|KAPCO-CJAN|40|KAPCO-CJAN|0|0|0|28.60|0|28.53|||
13NOV2020|NML-CJAN|40|NML-CJAN|0|0|0|92.24|0|92.10|||
13NOV2020|UBL-CJAN|40|UBL-CJAN|0|0|0|117.20|0|116.54|||
13NOV2020|DGKC-CNOV|40|DGKC-CNOV|0|0|0|107.53|0|105.99|||
13NOV2020|NCL-NOV|40|NCL-NOV|36.41|36.41|36.31|36.34|8500|36.55|||
13NOV2020|HUBC-NOV|40|HUBC-NOV|78.05|82|78.05|80.65|132000|79.93|||
13NOV2020|PSO-NOV|40|PSO-NOV|198.10|199.90|194.15|195.06|272500|198.26|||
13NOV2020|SNGP-NOV|40|SNGP-NOV|47.52|48.30|47.52|47.52|593000|51.37|||
13NOV2020|MCB-NOV|40|MCB-NOV|0|0|0|174.21|0|173|||
13NOV2020|NML-NOV|40|NML-NOV|89.50|91.50|89.50|90.42|75000|89.99|||
13NOV2020|ENGRO-NOV|40|ENGRO-NOV|306|307|305.11|305.62|42500|305.69|||
13NOV2020|FFC-NOV|40|FFC-NOV|104.80|105.69|104.50|104.50|4500|105.05|||
13NOV2020|FFBL-NOV|40|FFBL-NOV|21.60|21.98|21.20|21.52|1292500|21.72|||
13NOV2020|LOTCHEM-NOV|40|LOTCHEM-NOV|12.16|12.50|12.11|12.29|88500|12.16|||
13NOV2020|DGKC-NOV|40|DGKC-NOV|105.17|108.50|105.15|107.46|775500|105.95|||
13NOV2020|POL-NOV|40|POL-NOV|363.05|363.05|354.01|358|81500|368.75|||
13NOV2020|NBP-NOV|40|NBP-NOV|38.51|39.50|38.50|39.27|100000|38.93|||
13NOV2020|MLCF-NOV|40|MLCF-NOV|39.47|41|39.26|40.45|4874500|40.07|||
13NOV2020|LUCK-NOV|40|LUCK-NOV|658|670|655|661.72|149500|658.78|||
13NOV2020|SSGC-NOV|40|SSGC-NOV|14.01|14.06|13.60|14|256500|14.06|||
13NOV2020|BOP-NOV|40|BOP-NOV|9.07|9.19|9.07|9.17|52000|9.13|||
13NOV2020|AKBL-NOV|40|AKBL-NOV|18.50|18.65|18.45|18.65|16000|18.57|||
13NOV2020|PPL-NOV|40|PPL-NOV|87.26|87.85|86.25|87.13|223500|88.29|||
13NOV2020|OGDC-NOV|40|OGDC-NOV|98|98|96.52|97.04|130000|98.75|||
13NOV2020|PIOC-NOV|40|PIOC-NOV|87.07|91|87|89.39|477500|88.43|||
13NOV2020|KEL-NOV|40|KEL-NOV|3.55|3.65|3.55|3.60|8553000|3.57|||
13NOV2020|BAFL-NOV|40|BAFL-NOV|33.50|33.50|33.45|33.48|2000|33.51|||
13NOV2020|KAPCO-NOV|40|KAPCO-NOV|27.95|28.45|27.87|27.98|117000|27.95|||
13NOV2020|OGDC-CNOV|40|OGDC-CNOV|0|0|0|97.11|0|99.01|||
13NOV2020|NBP-CNOV|40|NBP-CNOV|0|0|0|39.75|0|38.72|||
13NOV2020|OGDC-CDEC|40|OGDC-CDEC|0|0|0|97.96|0|99.87|||
13NOV2020|NBP-CDEC|40|NBP-CDEC|0|0|0|40.10|0|39.06|||
13NOV2020|OGDC-CJAN|40|OGDC-CJAN|0|0|0|99.01|0|100.95|||
13NOV2020|NBP-CJAN|40|NBP-CJAN|0|0|0|40.53|0|39.48|||
13NOV2020|PPL-CNOV|40|PPL-CNOV|0|0|0|87.18|0|88.54|||
13NOV2020|PSO-CNOV|40|PSO-CNOV|0|0|0|195.16|0|198.72|||
13NOV2020|ENGRO-CNOV|40|ENGRO-CNOV|0|0|0|306.54|0|306.50|||
13NOV2020|BOP-CNOV|40|BOP-CNOV|0|0|0|9.16|0|9.11|||
13NOV2020|MCB-CNOV|40|MCB-CNOV|0|0|0|174.15|0|173.61|||
13NOV2020|HUBC-CNOV|40|HUBC-CNOV|0|0|0|80.76|0|80.19|||
13NOV2020|LUCK-CNOV|40|LUCK-CNOV|0|0|0|662.44|0|659.22|||
13NOV2020|BAFL-CNOV|40|BAFL-CNOV|0|0|0|35.60|0|35.41|||
13NOV2020|PPL-CDEC|40|PPL-CDEC|0|0|0|87.94|0|89.31|||
13NOV2020|PSO-CDEC|40|PSO-CDEC|0|0|0|196.86|0|200.45|||
13NOV2020|ENGRO-CDEC|40|ENGRO-CDEC|0|0|0|309.21|0|309.17|||
13NOV2020|BOP-CDEC|40|BOP-CDEC|0|0|0|9.24|0|9.19|||
13NOV2020|MCB-CDEC|40|MCB-CDEC|0|0|0|175.67|0|175.12|||
13NOV2020|HUBC-CDEC|40|HUBC-CDEC|0|0|0|81.46|0|80.89|||
13NOV2020|LUCK-CDEC|40|LUCK-CDEC|0|0|0|668.20|0|664.95|||
13NOV2020|BAFL-CDEC|40|BAFL-CDEC|0|0|0|35.91|0|35.72|||
13NOV2020|AICL-NOV|40|AICL-NOV|37|37|37|37|500|37.15|||
13NOV2020|ATRL-NOV|40|ATRL-NOV|134.10|144.47|131.50|138.83|4136000|135.41|||
13NOV2020|FCCL-NOV|40|FCCL-NOV|20.51|21.02|20.30|20.78|306000|20.71|||
13NOV2020|NETSOL-NOV|40|NETSOL-NOV|60.01|64.17|59.50|63.39|315500|61.13|||
13NOV2020|UBL-NOV|40|UBL-NOV|115|115.50|114.85|115.50|14000|113.76|||
13NOV2020|NRL-NOV|40|NRL-NOV|162.25|175.75|161.60|170.58|645000|164.04|||
13NOV2020|HBL-NOV|40|HBL-NOV|131.30|132.30|131|132.04|32000|131.33|||
13NOV2020|PPL-CJAN|40|PPL-CJAN|0|0|0|88.89|0|90.27|||
13NOV2020|PSO-CJAN|40|PSO-CJAN|0|0|0|198.98|0|202.61|||
13NOV2020|ENGRO-CJAN|40|ENGRO-CJAN|0|0|0|312.54|0|312.50|||
13NOV2020|BOP-CJAN|40|BOP-CJAN|0|0|0|9.34|0|9.29|||
13NOV2020|HUBC-CJAN|40|HUBC-CJAN|0|0|0|82.34|0|81.76|||
13NOV2020|LUCK-CJAN|40|LUCK-CJAN|0|0|0|675.41|0|672.12|||
13NOV2020|BAFL-CJAN|40|BAFL-CJAN|0|0|0|36.30|0|36.11|||
13NOV2020|LOTCHEM-CNOV|40|LOTCHEM-CNOV|0|0|0|12.32|0|12.20|||
13NOV2020|LOTCHEM-CDEC|40|LOTCDEC-CDEC|0|0|0|12.43|0|12.31|||
13NOV2020|BAHL-NOV|40|BAHL-NOV|0|0|0|69.30|0|69.34|||
13NOV2020|DOL-NOV|40|DOL-NOV|32.01|33.25|32.01|32.95|57500|32.72|||
13NOV2020|EPCL-NOV|40|EPCL-NOV|42.20|43.10|42|42.67|164000|42.50|||
13NOV2020|INIL-NOV|40|INIL-NOV|135.10|138.99|135|138.04|90000|135.72|||
13NOV2020|PAEL-NOV|40|PAEL-NOV|33|33.60|32.56|33.18|3525000|33.24|||
13NOV2020|PRL-NOV|40|PRL-NOV|17.39|18.90|17.17|18.50|14099000|17.72|||
13NOV2020|TREET-NOV|40|TREET-NOV|27.17|27.29|26.20|26.85|100000|27.16|||
13NOV2020|LOTCHEM-CJAN|40|LOTCHEM-CJAN|0|0|0|12.56|0|12.44|||
13NOV2020|PIOC-CNOV|40|PIOC-CNOV|0|0|0|89.46|0|88.50|||
13NOV2020|FCCL-CDEC|40|FCCL-CDEC|0|0|0|20.99|0|20.92|||
13NOV2020|PIOC-CDEC|40|PIOC-CDEC|0|0|0|90.24|0|89.27|||
13NOV2020|SNGP-CDEC|40|SNGP-CDEC|0|0|0|47.74|0|51.63|||
13NOV2020|FCCL-CJAN|40|FCCL-CJAN|0|0|0|21.21|0|21.15|||
13NOV2020|PIOC-CJAN|40|PIOC-CJAN|0|0|0|91.21|0|90.24|||
13NOV2020|SNGP-CJAN|40|SNGP-CJAN|0|0|0|48.26|0|52.18|||
13NOV2020|CHCC-CNOV|40|CHCC-CNOV|0|0|0|131.81|0|130.68|||
13NOV2020|EPCL-CNOV|40|EPCL-CNOV|0|0|0|42.69|0|42.71|||
13NOV2020|KEL-CNOV|40|KEL-CNOV|0|0|0|3.58|0|3.57|||
13NOV2020|MLCF-CNOV|40|MLCF-CNOV|0|0|0|40.52|0|40.16|||
13NOV2020|PAEL-CNOV|40|PAEL-CNOV|0|0|0|33.19|0|33.33|||
13NOV2020|MLCF-CDEC|40|MLCF-CDEC|0|0|0|40.88|0|40.51|||
13NOV2020|KEL-CDEC|40|KEL-CDEC|0|0|0|3.62|0|3.60|||
13NOV2020|PAEL-CDEC|40|PAEL-CDEC|0|0|0|33.48|0|33.62|||
13NOV2020|GATM-CDEC|40|GATM-CDEC|0|0|0|34.58|0|34.45|||
13NOV2020|EPCL-CDEC|40|EPCL-CDEC|0|0|0|43.06|0|43.08|||
13NOV2020|CHCC-CDEC|40|CHCC-CDEC|0|0|0|132.96|0|131.82|||
13NOV2020|CHCC-NOV|40|CHCC-NOV|129.70|134|127.76|132.05|211000|130.44|||
13NOV2020|CHCC-CJAN|40|CHCC-CJAN|0|0|0|134.39|0|133.24|||
13NOV2020|EPCL-CJAN|40|EPCL-CJAN|0|0|0|43.53|0|43.54|||
13NOV2020|KEL-CJAN|40|KEL-CJAN|0|0|0|3.65|0|3.64|||
13NOV2020|MLCF-CJAN|40|MLCF-CJAN|0|0|0|41.32|0|40.95|||
13NOV2020|PAEL-CJAN|40|PAEL-CJAN|0|0|0|33.84|0|33.99|||
13NOV2020|EFERT-CNOV|40|EFERT-CNOV|0|0|0|67.17|0|67.24|||
13NOV2020|EFERT-CDEC|40|EFERT-CDEC|0|0|0|67.76|0|67.83|||
13NOV2020|EFERT-NOV|40|EFERT-NOV|62.40|62.60|61.92|62.08|66000|62.40|||
13NOV2020|EFERT-CJAN|40|EFERT-CJAN|0|0|0|68.49|0|68.56|||
13NOV2020|ASTL-CNOV|40|ASTL-CNOV|0|0|0|40.24|0|40|||
13NOV2020|TRG-CNOV|40|TRG-CNOV|0|0|0|52.75|0|53.40|||
13NOV2020|ISL-CNOV|40|ISL-CNOV|0|0|0|71.32|0|71.11|||
13NOV2020|HASCOL-CNOV|40|HASCOL-CNOV|0|0|0|14.64|0|14.62|||
13NOV2020|ASTL-CDEC|40|ASTL-CDEC|0|0|0|40.59|0|40.35|||
13NOV2020|TRG-CDEC|40|TRG-CDEC|0|0|0|53.21|0|53.87|||
13NOV2020|ISL-CDEC|40|ISL-CDEC|0|0|0|71.94|0|71.73|||
13NOV2020|HASCOL-CDEC|40|HASCOL-CDEC|0|0|0|14.77|0|14.75|||
13NOV2020|TRG-NOV|40|TRG-NOV|53.01|53.90|51.70|52.71|19688000|53.37|||
13NOV2020|ISL-NOV|40|ISL-NOV|70.51|71.79|69.59|71.17|679500|71|||
13NOV2020|POWER-NOV|40|POWER-NOV|9.83|10.19|9.75|9.94|1904000|9.87|||
13NOV2020|HASCOL-NOV|40|HASCOL-NOV|14.40|14.96|14.25|14.65|4940000|14.58|||
13NOV2020|ASTL-NOV|40|ASTL-NOV|39.99|40.70|39.41|40.26|364500|40.01|||
13NOV2020|ASTL-CJAN|40|ASTL-CJAN|0|0|0|41.03|0|40.79|||
13NOV2020|TRG-CJAN|40|TRG-CJAN|0|0|0|53.79|0|54.45|||
13NOV2020|ISL-CJAN|40|ISL-CJAN|0|0|0|72.71|0|72.50|||
13NOV2020|HASCOL-CJAN|40|HASCOL-CJAN|0|0|0|14.93|0|14.91|||
13NOV2020|GATM-NOV|40|GATM-NOV|34.10|34.75|33.91|34.22|85000|34.07|||
13NOV2020|GATM-CJAN|40|GATM-CJAN|0|0|0|34.95|0|34.82|||
13NOV2020|MUGHAL-CDEC|40|MUGHAL-CDEC|0|0|0|62.07|0|62.56|||
13NOV2020|DCR-NOV|40|DCR-NOV|0|0|0|10.66|0|10.76|||
13NOV2020|PIBTL-NOV|40|PIBTL-NOV|12.14|12.49|12.05|12.27|2038000|12.21|||
13NOV2020|UNITY-NOV|40|UNITY-NOV|22.44|23.30|22.30|22.63|11928000|22.44|||
13NOV2020|MEBL-CNOV|40|MEBL-CNOV|0|0|0|89.76|0|90.18|||
13NOV2020|MUGHAL-CNOV|40|MUGHAL-CNOV|0|0|0|61.54|0|62.02|||
13NOV2020|SEARL-CNOV|40|SEARL-CNOV|0|0|0|237.67|0|242.28|||
13NOV2020|MEBL-CDEC|40|MEBL-CDEC|0|0|0|90.54|0|90.97|||
13NOV2020|SEARL-CDEC|40|SEARL-CDEC|0|0|0|239.74|0|244.39|||
13NOV2020|GHNI-NOV|40|GHNI-NOV|257.15|259.40|252.20|253.51|723000|257.09|||
13NOV2020|GTYR-NOV|40|GTYR-NOV|64.50|65.25|63.80|64.18|38500|64.54|||
13NOV2020|PSMC-NOV|40|PSMC-NOV|198|202.01|197|198.58|50500|201.94|||
13NOV2020|MEBL-NOV|40|MEBL-NOV|90|92.70|89.35|89.65|20000|90|||
13NOV2020|KOHC-NOV|40|KOHC-NOV|212.50|212.50|212.50|212.50|5500|212|||
13NOV2020|MUGHAL-NOV|40|MUGHAL-NOV|61.10|62.99|60.50|61.34|42000|62.01|||
13NOV2020|MEBL-CJAN|40|MEBL-CJAN|0|0|0|91.52|0|91.95|||
13NOV2020|SEARL-CJAN|40|SEARL-CJAN|0|0|0|242.32|0|247.03|||
13NOV2020|UNITY-CNOV|40|UNITY-CNOV|0|0|0|22.62|0|22.45|||
13NOV2020|KOHC-CNOV|40|KOHC-CNOV|0|0|0|213.23|0|214.08|||
13NOV2020|INIL-CNOV|40|INIL-CNOV|0|0|0|138.17|0|135.96|||
13NOV2020|UNITY-CDEC|40|UNITY-CDEC|0|0|0|22.82|0|22.64|||
13NOV2020|INIL-CDEC|40|INIL-CDEC|0|0|0|139.37|0|137.14|||
13NOV2020|KOHC-CDEC|40|KOHC-CDEC|0|0|0|215.09|0|215.94|||
13NOV2020|CEPB-NOV|40|CEPB-NOV|105.25|108|104.61|104.81|45000|105.87|||
13NOV2020|SYS-NOV|40|SYS-NOV|330|357|330|353.48|43000|334.12|||
13NOV2020|TGL-NOV|40|TGL-NOV|0|0|0|83.88|0|84.57|||
13NOV2020|AVN-NOV|40|AVN-NOV|63|63.99|61.81|63.08|462500|63.44|||
13NOV2020|GHNL-NOV|40|GHNL-NOV|86.70|88|84.30|86.24|63500|87.14|||
13NOV2020|FEROZ-NOV|40|FEROZ-NOV|312|315|312|314|5000|318.47|||
13NOV2020|INIL-CJAN|40|INIL-CJAN|0|0|0|140.87|0|138.62|||
13NOV2020|MUGHAL-CJAN|40|MUGHAL-CJAN|0|0|0|62.74|0|63.23|||
13NOV2020|UNITY-CJAN|40|UNITY-CJAN|0|0|0|23.06|0|22.89|||
13NOV2020|SEARL-NOVB|40|SEARL-NOVB|232.02|234.98|229|229.83|51500|233.61|||
13NOV2020|DCR|0836|Dolmen CityXD|10.70|10.70|10.60|10.61|162000|10.71|||
13NOV2020|MZNP-ETF|0837|Meezan Pakistan|10.20|11.20|10|10.66|17000|10.42|||
