12OCT2020|HGFA|0806|HBL Growth Fund|9.01|9.01|8.83|8.94|5500|9.43|||
12OCT2020|HIFA|0806|HBL Invest Fund|3.27|3.45|3.27|3.38|1500|3.50|||
12OCT2020|SINDM|0819|Sindh ModarabaXD|9|9.20|9|9|54500|8.86|||
12OCT2020|TSMF|0806|Tri-Star Mutual|3.75|3.75|3.75|3.75|1000|3.75|||
12OCT2020|BRR|0819|B.R.R.Guardian|10.45|10.45|9.90|9.92|25500|10.78|||
12OCT2020|FECM|0819|Elite Cap.Mod|2.72|3.05|2.25|2.96|168000|2.66|||
12OCT2020|FFLM|0819|1st.Fid.Leasing|3.20|3.20|3.20|3.20|500|3.90|||
12OCT2020|ORIXM|0819|Orix Modaraba|21.14|21.25|21|21.02|54500|21.29|||
12OCT2020|FHAM|0819|Habib Modaraba|11.94|11.94|11.17|11.18|60500|11.56|||
12OCT2020|HMM|0819|Habib Metro Mod|9|9|9|9|1500|9.45|||
12OCT2020|FIBLM|0819|I.B.L.Modarab|3.01|3.01|2.99|3|6500|3.10|||
12OCT2020|FIMM|0819|Imrooz Modaraba|102.63|102.63|102.63|102.63|1000|95.47|||
12OCT2020|PIM|0819|Popular Islamic|5|5.05|5|5.05|3000|5.50|||
12OCT2020|KASBM|0819|KASB Mod|0|1.15|1.15|1.12|500|1.12|||
12OCT2020|MODAM|0819|Mod.Al-MaliXD|5.50|5.50|5.10|5.10|35500|5.10|||
12OCT2020|PAKMI|0819|Pak Mod.XD|1.51|1.73|1.50|1.51|8000|1.55|||
12OCT2020|FPRM|0819|Paramount Mod|5.21|5.85|5|5.85|22000|5.21|||
12OCT2020|PMI|0819|Prud Mod.1st|1.15|1.16|1.01|1.06|55500|1.15|||
12OCT2020|FPJM|0819|Punjab Mod|0|2.53|2.53|2.35|2000|2.35|||
12OCT2020|FTSM|0819|Tri-Star 1st. M|4|4|4|4|500|4|||
12OCT2020|FUDLM|0819|U.D.L.Modaraba|8|8|7.85|7.87|23500|8.20|||
12OCT2020|UCAPM|0819|Unicap Modaraba|0.82|1.10|0.82|1.10|1000|1.06|||
12OCT2020|GRYL|0815|Grays Leasing|7.35|7.20|6.60|6.81|36000|6.56|||
12OCT2020|OLPL|0815|Orix Leasing|27.72|28|27.61|27.76|14500|27.90|||
12OCT2020|SLL|0815|SME Leasing Ltd|3.38|3.40|3.20|3.20|18500|3.58|||
12OCT2020|SPLC|0815|Saudi Pak Leasi|1.55|1.78|1.50|1.56|78000|1.54|||
12OCT2020|MCBAH|0813|MCB-ARIF HabibXD|27.95|28.95|27.95|28|4500|29.22|||
12OCT2020|AHL|0813|Arif Habib Ltd.|57.99|60|56.03|56.94|123000|58|||
12OCT2020|AHCL|0809|Arif Habib Corp|39.21|40|39.20|39.94|3000|39.70|||
12OCT2020|ICIBL|0813|Invest Bank|1.17|1.17|1.01|1.03|274000|1.14|||
12OCT2020|FDIBL|0813|Ist.Dawood Bank|2.11|2.30|1.99|2.01|91500|2.18|||
12OCT2020|JSCL|0813|Jah.Sidd. Co.|27|28.24|26.05|26.68|19243000|26.27|||
12OCT2020|BIPLS|0813|BIPL Securities|9.37|9.37|9.37|9.37|500|10.37|||
12OCT2020|NEXT|0813|Next Capital|9.70|9.70|9.60|9.61|5500|9.65|||
12OCT2020|AMBL|0813|Apna Microfin.|22.94|22.94|22.94|22.94|500|22.5996|||
12OCT2020|ESBL|0813|Escorts Bank|10.85|11.60|10.85|11.59|1353000|10.60|||
12OCT2020|PSX|0813|Pak Stock Exchange|15.09|15.10|14.50|14.53|513000|14.98|||
12OCT2020|FCSC|0813|Ist.Capital Sec|1.50|1.50|1.36|1.39|141000|1.40|||
12OCT2020|FCIBL|0813|F.Credit & Inv|9.20|9.70|9|9.50|17500|9.63|||
12OCT2020|EFGH|0813|EFG Hermes Pak|26.19|26.19|23.40|23.43|105000|24.56|||
12OCT2020|FNEL|0813|F. Nat.Equities|17.20|18|15.80|16.03|3023000|16.95|||
12OCT2020|JSIL|0813|JS Investments|24.25|24.41|24|24.17|33000|24.40|||
12OCT2020|786|0813|786 Invest Ltd|12.26|12.66|12|12.09|80000|12.71|||
12OCT2020|DEL|0813|Dawood Equities|5.26|5.26|5.21|5.21|7000|5.65|||
12OCT2020|PASL|0813|Pervez Ahmed Co|0.99|0.99|0.90|0.92|137500|0.98|||
12OCT2020|SIBL|0813|Sec. Inv. Bank|7.62|7.62|7.50|7.50|8500|7.93|||
12OCT2020|ABL|0807|Allied Bank Ltd|86|86.25|84.50|84.50|56000|86|||
12OCT2020|SMBL|0807|Summit Bank|1.78|1.80|1.65|1.66|76500|1.68|||
12OCT2020|AKBL|0807|Askari Bank|17.99|18.11|17.81|17.95|40000|18|||
12OCT2020|BAFL|0807|Bank Al-Falah|35|35.20|34|34.27|294302|34.97|||
12OCT2020|BIPL|0807|Bankislami Pak.|9.89|10.15|9.71|9.97|406000|9.91|||
12OCT2020|BOK|0807|Bank Of Khyber|13.41|14|13.41|13.98|5500|13.99|||
12OCT2020|BAHL|0807|Bank AL-Habib|63.48|63.48|62.42|62.87|454974|62.61|||
12OCT2020|BOP|0807|B.O.Punjab|9.25|9.35|9.11|9.14|8894000|9.25|||
12OCT2020|FABL|0807|Faysal Bank|17.34|17.41|16.90|17|426000|17.31|||
12OCT2020|HBL|0807|Habib Bank|136.65|138.30|133|133.70|1084637|136|||
12OCT2020|MEBL|0807|Meezan Bank|81.60|82.50|80.10|80.63|942428|81.90|||
12OCT2020|NBP|0807|National Bank|38.70|39|37.85|38.09|861500|38.67|||
12OCT2020|HMB|0807|Habib Metropol.|32.98|33.50|32.98|33.25|30000|33|||
12OCT2020|MCB|0807|MCB Bank Ltd|177|177.89|175|176.44|327857|176.45|||
12OCT2020|JSBL|0807|JS Bank Ltd|6.78|6.80|6.55|6.57|158500|6.68|||
12OCT2020|SBL|0807|Samba Bank|8.19|8.20|7.30|7.81|103500|7.20|||
12OCT2020|SILK|0807|Silk Bank Ltd|0.95|0.98|0.92|0.93|2230500|0.95|||
12OCT2020|SNBL|0807|Soneri Bank Ltd|9.30|9.31|9.11|9.19|51000|9.19|||
12OCT2020|SCBPL|0807|St.Chart.Bank|32.01|34.48|32|33.60|39000|33.05|||
12OCT2020|UBL|0807|United Bank|123.01|124.48|122|122.57|1776638|122.88|||
12OCT2020|AICL|0812|Adamjee Ins.XD|42.12|42.12|40.51|40.59|28500|42.17|||
12OCT2020|IGIL|0812|IGI Life Ins|49.48|49.48|43.90|44.04|37000|47.45|||
12OCT2020|AGIC|0812|Ask.Gen.Insur.|23.01|23.01|23|23.01|2000|22.56|||
12OCT2020|CYAN|0812|Cyan Limited|32|32|31.25|31.25|13500|32|||
12OCT2020|JLICL|0812|Jubile Life Ins|450|450|435|435.27|18600|447.29|||
12OCT2020|CSIL|0812|Cres.Star Ins.|2.80|2.92|2.60|2.67|366500|2.85|||
12OCT2020|HICL|0812|Habib Ins.|8.30|8.35|8.30|8.35|59000|8.32|||
12OCT2020|IGIHL|0812|IGI Holdings|204.99|211|203|204.11|79700|204.83|||
12OCT2020|ALAC|0812|Askari Life Ass|7.68|7.89|7.50|7.53|70000|7.95|||
12OCT2020|ALACR4|0812|Askari Life (R)|0.18|0.24|0.13|0.13|1459000|0.24|||
12OCT2020|JGICL|0812|Jubilee Gen.Ins|0|43.75|43.75|44|2000|44|||
12OCT2020|PIL|0812|PICIC Ins.Ltd.|1.15|1.15|0.92|0.96|13000|1.11|||
12OCT2020|PKGI|0812|Pak Gen.Ins.|2.32|2.32|2.32|2.32|1000|2.60|||
12OCT2020|PAKRI|0812|Pak Reinsurance|27.80|27.80|26.90|26.90|15000|27.77|||
12OCT2020|SHNI|0812|Shaheen Ins.|4.01|4.01|4.01|4.01|1000|4.37|||
12OCT2020|UNIC|0812|United InsuranceXD|7.40|7.42|7.01|7.01|20000|7.20|||
12OCT2020|ASTM|0830|Asim Textile|8.39|8.70|7.50|7.89|29000|8.40|||
12OCT2020|BILF|0830|Bilal Fibres|1.35|1.74|1.40|1.42|180000|1.39|||
12OCT2020|CWSM|0830|Chakwal Spinning|2|2.01|2|2|13000|2.10|||
12OCT2020|HIRAT|0830|Hira Textile|2.29|2.29|2.10|2.10|88000|2.29|||
12OCT2020|DFSM|0830|Dewan Farooque Sp.|1.95|1.95|1.71|1.75|17000|1.87|||
12OCT2020|DINT|0830|Din Textile|0|44|44|45.66|500|45.66|||
12OCT2020|DSIL|0830|D.S. Ind. Ltd.|2.33|2.33|2.10|2.17|10000|2.24|||
12OCT2020|FZCM|0830|Fazal Cloth|135.79|135.79|127|133.99|1900|126.78|||
12OCT2020|GADT|0830|Gadoon Textile|192.15|196|191|195.67|7800|199.92|||
12OCT2020|IDSM|0830|Ideal Spinning|23|23|23|23|500|24.71|||
12OCT2020|IDYM|0830|Indus Dyeing|507.01|507.01|507.01|507.01|50|546.13|||
12OCT2020|ILTM|0830|Island Textile|861.50|924|861.50|892.75|40|916|||
12OCT2020|JATM|0830|J.A.Textile|7.10|7.10|7.10|6.94|500|6.94|||
12OCT2020|JKSM|0830|J.K.Spinning|58.44|58.99|55.55|56.33|22000|57.16|||
12OCT2020|KOHTM|0830|Kohat Textile|0|15.8333|15.8333|15.8333|0|16.50|||
12OCT2020|KOSM|0830|Kohinoor Spining|2.99|2.99|2.65|2.65|1617000|2.89|||
12OCT2020|LMSM|0830|Land Mark Spinning|14.33|14.33|14.33|14.33|1500|15.49|||
12OCT2020|NAGC|0830|Nagina Cotton|39.74|40.30|39.74|40.30|4000|37.5050|||
12OCT2020|OML|0818|Olympia Mills|9.75|9.75|9.75|9.75|2500|9.93|||
12OCT2020|RAVT|0830|Ravi Textile|4.20|4.45|4.01|4.01|8000|4.30|||
12OCT2020|RCML|0830|Reliance Cotton|132.99|135.95|132.99|135.95|1000|126.50|||
12OCT2020|RUBY|0830|Ruby Textile|7.01|7.40|6.99|7.11|21500|7.28|||
12OCT2020|SAIF|0830|Saif Textile|15|15|14.32|14.33|3500|15.24|||
12OCT2020|SSML|0830|Saritow Spinning|3.75|3.85|3.75|3.85|3500|4.09|||
12OCT2020|SERT|0830|Service Textile|9.01|9.01|9|9|5000|9.50|||
12OCT2020|SHDT|0830|Shadab Textile|35|35|33.75|33.75|39500|33.74|||
12OCT2020|UNITY|0834|Unity Foods Ltd|17.25|17.45|16.06|16.29|19682500|17.27|||
12OCT2020|TATM|0830|Tata Textile|36.55|36.55|36.55|36.55|500|36.60|||
12OCT2020|ASHT|0831|Ashfaq Textile|10.60|10.70|10.11|10.11|9500|11.11|||
12OCT2020|FML|0829|Feroze 1888|106|110|105|105.73|88500|105.08|||
12OCT2020|SMTM|0831|Samin Textile|3.70|3.70|3.70|3.70|500|3.32|||
12OCT2020|SERF|0831|Service Fabrics|10.75|10.89|10.52|10.72|180000|10.63|||
12OCT2020|STJT|0831|Shahtaj Textile|102.25|108.45|102.25|105|1500|110.49|||
12OCT2020|YOUW|0831|Yousuf Weaving|3.31|3.32|3.20|3.21|38000|3.33|||
12OCT2020|ADMM|0829|Artistic Denim|64.68|64.68|64.68|64.68|12500|60.17|||
12OCT2020|BHAT|0829|Bhanero Tex.|958.98|958.98|958.98|958.98|50|892.71|||
12OCT2020|CRTM|0829|Crescent Tex.|19.59|19.70|19|19.04|52500|19.50|||
12OCT2020|NCL|0829|Nishat (Chun.)|38.10|38.90|36.75|37|318500|38.91|||
12OCT2020|DLL|0829|Dawood Law|194.50|194.50|188.50|188.69|8900|190|||
12OCT2020|REWM|0829|Reliance Weaving|29|29|29|29|500|28.01|||
12OCT2020|GFIL|0829|Ghazi Fabrics|4.98|4.98|4.20|4.28|27000|4.99|||
12OCT2020|GATM|0829|Gul Ahmed|38.96|38.99|37.01|37.47|268000|38.57|||
12OCT2020|ILP|0829|Interloop Ltd.XD|72.25|72.25|67|67.31|785000|72.11|||
12OCT2020|JUBS|0829|Jubilee Spinning|3.26|3.26|3.26|3.26|1000|3.49|||
12OCT2020|KML|0829|Kohinoor Mills|35.99|36.49|35.06|35.40|17500|34.90|||
12OCT2020|KOIL|0829|Kohinoor Ind.|7.04|7.84|7.04|7.17|2469500|6.90|||
12OCT2020|BTL|0829|Blessed Tex.|248.59|264.99|248.59|255|600|268.74|||
12OCT2020|KTML|0829|Kohinoor Textile|56.60|57.50|55|55|16500|57.50|||
12OCT2020|ANL|0829|Azgard Nine|18.20|18.94|17.75|18.47|9823500|17.89|||
12OCT2020|MTIL|0829|Mian Textile|7.90|7.90|7.30|7.57|6000|7.90|||
12OCT2020|NML|0829|Nishat Mills Ltd|102.50|104.24|100.05|100.58|791500|102.36|||
12OCT2020|REDCO|0829|Redco Textile|6|6.44|5.88|5.91|49500|6.04|||
12OCT2020|STML|0829|Shams Textile|0|29|29|29|0|30|||
12OCT2020|FASM|0829|Faisal Spinning|300|300|300|300|1100|282.13|||
12OCT2020|MSOT|0829|Masood Textile|0|55.1833|55.1833|55.1833|0|55|||
12OCT2020|BNWM|0835|Bannu Woollen|37.99|39.82|37|37.56|74000|37.05|||
12OCT2020|BNL|0835|Bunnys Limited|52|52.01|47.01|48.54|6500|50.08|||
12OCT2020|AGL|0805|Agritech Limited|4.39|4.52|4.25|4.27|329500|4.43|||
12OCT2020|PSYL|0827|Pak Synthetics|15.91|16.60|15.91|16.50|15000|17.05|||
12OCT2020|RUPL|0827|Rupali Polyester|18.40|18.40|16.01|16.01|1000|17.23|||
12OCT2020|TRPOL|0827|Tri-Star Poly|8.75|8.75|8|8.13|396000|8.59|||
12OCT2020|THALL|0802|Thal Limited|419|419|412|414.53|3300|423.06|||
12OCT2020|ADAMS|0826|Adam Sugar|22.70|22.70|22.50|22.50|2500|23.97|||
12OCT2020|AABS|0826|AL-Abbas Sugar|304.99|313|300|300.13|4100|301.34|||
12OCT2020|AGSML|0826|Abdullah Shah|2.65|2.65|2.44|2.52|7500|2.57|||
12OCT2020|CHAS|0826|Chashma Sugar|93|93|93|93|1000|92|||
12OCT2020|IMSL|0826|Imperial Sugar Ltd.|15.16|15.17|15|15.04|12000|15.50|||
12OCT2020|CCM|0830|Crescent Cotton|27.85|27.85|26.60|26.66|11500|26.55|||
12OCT2020|DWSM|0826|Dewan Sugar|3|3|2.85|2.99|11500|2.99|||
12OCT2020|FCEPL|0810|Frieslandcampina|73.49|77.90|73.49|75.71|474000|73.27|||
12OCT2020|FRSM|0826|Faran Sugar|47.02|49.64|47.02|49.64|1500|47|||
12OCT2020|HABSM|0826|Habib Sugar|35.51|36|35.30|35.50|13000|36|||
12OCT2020|HRPL|0826|Habib Rice Prod|37.10|38.75|37|37.11|71500|37.25|||
12OCT2020|HSM|0826|Husein Sugar|17.45|17.83|17.30|17.83|4000|18.13|||
12OCT2020|JDWS|0826|J.D.W.Sugar|222|222|222|225|100|225|||
12OCT2020|JSML|0826|Jauharabad Sug|22.30|22.50|21.75|21.75|13500|22.46|||
12OCT2020|MIRKS|0826|Mirpurkhas Sugar|82|82|82|82|2000|82|||
12OCT2020|PMRS|0826|Premier Suger|466.01|466.01|466|466.01|300|498.99|||
12OCT2020|SKRS|0826|Sakrand Sugar|9|9.20|8.85|8.86|65500|9.03|||
12OCT2020|SHJS|0826|Shahtaj Sugar|86|94.70|84.25|93.65|14300|90.97|||
12OCT2020|SHSML|0826|Shahmurad Sugar|101.25|102.50|101.25|102.50|6500|101.25|||
12OCT2020|ACPL|0804|Attock Cement|165|168.75|161|162.51|73200|164.62|||
12OCT2020|BWCL|0804|Bestway Cement|152.51|152.51|148|148.47|15900|151.87|||
12OCT2020|CHCC|0804|Cherat Cement|123.50|127.50|118.31|121.58|1147000|124.34|||
12OCT2020|DGKC|0804|D.G.K.Cement|109.89|110.10|106.50|106.99|3654189|109.58|||
12OCT2020|POWER|0804|Power Cement|9.47|9.60|8.90|9.02|50577500|9.52|||
12OCT2020|POWERPS|0804|Power Cem(Pref)|10.11|10.11|10.10|10.11|210000|10.11|||
12OCT2020|FCCL|0804|Fauji Cement|20.50|20.74|19.80|19.95|7352500|20.42|||
12OCT2020|FECTC|0804|Fecto Cement|33.70|33.70|30.80|31.63|38000|33.27|||
12OCT2020|FLYNG|0804|Flying Cement|9.76|9.95|9.25|9.38|124500|9.76|||
12OCT2020|GWLC|0804|Gharibwal Cement|26.11|27.58|25.20|25.32|240000|26.85|||
12OCT2020|JVDC|0804|Javedan Corp.|23|23|21.21|21.21|4000|22.50|||
12OCT2020|KOHC|0804|Kohat Cement|198.90|202|190|194.09|94100|196.72|||
12OCT2020|LUCK|0804|Lucky Cement|656|657.95|644.50|646.81|509093|654.95|||
12OCT2020|MLCF|0804|Maple Leaf|38.65|39.30|36.55|37.33|10264021|38.81|||
12OCT2020|DCL|0804|Dewan Cement|9.67|10.10|9.02|9.12|5193000|9.69|||
12OCT2020|PIOC|0804|Pioneer Cement|96|97.69|91|91.85|857000|96.57|||
12OCT2020|SMCPL|0804|Safe Mix Con.Lt|7.12|7.25|6.93|6.94|21000|7.07|||
12OCT2020|THCCL|0804|Thatta Cement|24.05|24.05|23|24.04|2416000|22.38|||
12OCT2020|KHTC|0832|Khyber Tobacco|240.03|249|240|241.03|4100|243.04|||
12OCT2020|PAKT|0832|Pak Tobacco|1640|1640|1640|1640|20|1640|||
12OCT2020|ATRL|0825|Attock Refinery|141.90|142.75|131|132.03|1693000|140.90|||
12OCT2020|BYCO|0825|Byco Petroleum|9.98|10.07|9.35|9.51|4999500|9.95|||
12OCT2020|NRL|0825|National Refinery|173.89|174.90|160|161.45|1158500|172.16|||
12OCT2020|PRL|0825|Pak Refinery|18.13|18.97|16.97|17.11|12290000|18.23|||
12OCT2020|EPQL|0824|Engro PowergenXD|21.40|21.40|20.80|20.97|51500|21.10|||
12OCT2020|AEL|0824|Arshad Energy|14.42|14.42|13.35|13.35|4000|14.42|||
12OCT2020|HUBC|0824|Hub Power Co.|78.40|79.99|77.15|77.53|1615466|79.25|||
12OCT2020|KEL|0824|K-Electric Ltd.|3.80|3.89|3.67|3.74|13187500|3.74|||
12OCT2020|LPL|0824|Lalpir Power|12.38|12.38|11.64|11.70|409500|12.13|||
12OCT2020|KAPCO|0824|Kot Addu Power|27.24|27.25|26.19|26.28|4406500|27.15|||
12OCT2020|NCPL|0824|Nishat ChunPow|13.55|14.51|13.50|13.83|842000|13.50|||
12OCT2020|NPL|0824|Nishat Power|23.15|23.49|22.75|22.75|17000|23|||
12OCT2020|PKGP|0824|Pakgen Power|16.70|16.70|16.70|16.70|5000|16.71|||
12OCT2020|SPWL|0824|Saif Power Ltd.|16.25|16.30|15.99|16|171000|16.18|||
12OCT2020|TSPL|0824|Tri-Star Power XD|3.99|3.99|3.63|3.64|73000|4|||
12OCT2020|APL|0821|Attock PetroleumXD|345|345|338|338.71|12500|345.06|||
12OCT2020|PSO|0821|P.S.O.|207.80|211.40|205.02|205.95|3999261|208.51|||
12OCT2020|BPL|0821|Burshane LPG|29.01|29.20|29.01|29.11|3500|30|||
12OCT2020|SHEL|0821|Shell Pakistan|228.50|235.50|220|222.22|504000|227.13|||
12OCT2020|SSGC|0821|Sui South Gas|16.40|16.40|15.45|15.61|803500|16.18|||
12OCT2020|SNGP|0821|Sui North Gas|61.50|61.70|59.01|59.33|1063881|61.33|||
12OCT2020|HASCOL|0821|Hascol Petrol|16.58|16.90|15.44|15.63|41844833|16.69|||
12OCT2020|HTL|0821|HI-Tech Lub.|44.15|44.90|41.50|41.81|182500|44.46|||
12OCT2020|MARI|0820|Mari Petroleum|1330|1341|1300|1307.05|11500|1328.88|||
12OCT2020|OGDC|0820|Oil & Gas Dev.|106.29|106.29|102|102.42|1313815|105.50|||
12OCT2020|POL|0820|Pak OilfieldsXD|382.10|387|381.50|382.34|325516|384.98|||
12OCT2020|PPL|0820|Pak Petroleum|90.88|91|88.10|88.40|1544804|90.55|||
12OCT2020|ASL|0808|Aisha Steel Mill|16.35|16.48|15.30|15.44|6201000|16.18|||
12OCT2020|ASTL|0808|Amreli Steels|42.50|43.19|39.99|40.31|1707000|42.59|||
12OCT2020|BCL|0808|Bolan Casting|64.99|64.99|59|59.13|3500|61|||
12OCT2020|DADX|0808|Dadex Eternit|30.20|32.50|30.20|32.37|23500|30.24|||
12OCT2020|DSL|0808|Dost Steels Ltd.|4.40|4.43|4.10|4.12|382500|4.29|||
12OCT2020|CSAP|0808|Crescent Steel|71.50|72|67|67.67|160000|70.56|||
12OCT2020|DKL|0808|Drekkar Kings|6.10|7.40|6.10|6.96|145000|6.53|||
12OCT2020|INIL|0808|Int. Ind.Ltd.|142.05|147|135.89|137.66|554000|143.67|||
12OCT2020|ISL|0808|Inter.Steel Ltd|72.51|74.75|69.90|70.62|2012500|72.92|||
12OCT2020|ITTEFAQ|0808|Ittefaq Iron Ind|15.55|15.89|15|15.06|492000|15.95|||
12OCT2020|KSBP|0808|K.S.B.Pumps|307.55|327|307.55|319.92|15500|317.80|||
12OCT2020|MUGHAL|0808|Mughal Iron|66.25|68|64.50|65.09|557000|66.86|||
12OCT2020|MSCL|0808|Metro Steel|10.01|10.01|10.01|10.01|1000|10.56|||
12OCT2020|AGTL|0801|AL-Ghazi Tractors|365|367|360|360.75|1100|367|||
12OCT2020|ATLH|0801|Atlas Honda Ltd|425|430|422.02|422.09|1300|440|||
12OCT2020|DFML|0801|Dewan Motors|7.30|7.30|6.70|6.83|145000|7.13|||
12OCT2020|GAIL|0801|Ghani Automobile|5.29|5.42|5.12|5.12|194000|5.31|||
12OCT2020|GHNI|0801|Ghandhara Ind.|239.10|248|226.05|230.59|3006500|238.19|||
12OCT2020|GHNL|0801|Ghand Nissan|89.19|93.45|84|85.49|1055000|89.85|||
12OCT2020|HINO|0801|Hinopak MotorXR|474|475|457|458.90|3300|463.03|||
12OCT2020|HCAR|0801|Honda Atlas Cars|278.51|292|278.51|281.87|1100700|276.52|||
12OCT2020|INDU|0801|Indus Motor Co|1290|1310|1272.04|1279.77|11600|1285.60|||
12OCT2020|MTL|0801|Millat Tractors|915|948|911|919.36|91050|911.66|||
12OCT2020|PSMC|0801|Pak Suzuki|199|203.80|190.50|192.58|634300|198.28|||
12OCT2020|SAZEW|0801|Sazgar Eng|182|184.50|176.53|178.40|1204700|178.97|||
12OCT2020|AGIL|0802|Agriautos Ind.|230|230|225|225|1000|226|||
12OCT2020|ATBA|0802|Atlas Battery|221|228|214.05|216.15|39700|225.03|||
12OCT2020|EXIDE|0802|Exide (PAK)|346|350|319.21|327.66|4500|345.09|||
12OCT2020|GTYR|0802|General Tyre|65.69|67.25|62.60|63.15|268000|65.64|||
12OCT2020|LOADS|0802|Loads Limited|18|18.74|17.25|17.47|569500|18.09|||
12OCT2020|JOPP|0803|Johnson & Philips|43.93|48.90|43.93|48.90|2500|47.49|||
12OCT2020|PCAL|0803|Pakistan Cables|135|139.50|135|137.09|24500|133.63|||
12OCT2020|PAEL|0803|Pak Elektron|34.79|35.25|32.20|32.77|6312000|34.56|||
12OCT2020|TPL|0828|TPL Corp Ltd|5.40|5.41|5.05|5.10|175000|5.36|||
12OCT2020|TPLT|0828|TPL Trakker Ltd|9.90|9.99|9.73|9.88|91500|9.86|||
12OCT2020|AVN|0828|Avanceon Ltd|67.79|68.65|63.70|64.36|1753500|67.65|||
12OCT2020|WAVES|0803|Waves Singer|27.85|27.95|26.80|26.98|546500|27.70|||
12OCT2020|SIEM|0803|Siemens Pak.|531|539|525|525|1150|537.99|||
12OCT2020|SPEL|0818|Synthetic Prod|44.50|46|43.61|44.11|236500|43.79|||
12OCT2020|PNSC|0833|P.N.S.C|87.55|87.55|87|87|1500|90|||
12OCT2020|PIBTL|0833|Pak Int.Bulk|12.09|12.45|11.59|11.73|18243500|12.09|||
12OCT2020|PICT|0833|Pak.Int.Cont.|179|179.80|176.10|176.71|25400|178.44|||
12OCT2020|PIAA|0833|P.I.A.C.(A)|4.92|4.94|4.68|4.74|420000|4.83|||
12OCT2020|HUMNL|0828|Hum Network|6.92|7.01|6.60|6.62|326000|6.93|||
12OCT2020|NETSOL|0828|Netsol Tech.|57.90|58.55|54|54.75|715000|57.90|||
12OCT2020|PAKD|0828|Pak Datacom|60.58|63.97|60.58|62.75|8000|63.94|||
12OCT2020|MDTL|0828|Media Times Ltd|1.49|1.49|1.35|1.40|8500|1.44|||
12OCT2020|SYS|0828|Systems Limited|283|287|282.51|283.15|132100|284.10|||
12OCT2020|PTC|0828|P.T.C.L.|9.91|10.05|9.41|9.45|2765000|9.96|||
12OCT2020|TRG|0828|TRG Pak Ltd|49.30|50.30|45.34|45.64|23441500|49.01|||
12OCT2020|TELE|0828|Telecard Limited|1.62|1.66|1.50|1.50|387500|1.61|||
12OCT2020|WTL|0828|WorldCall Telecom|1.15|1.15|1.07|1.09|2063500|1.15|||
12OCT2020|DAWH|0813|Dawood HerculesXD|126|127.90|124.06|125.29|15400|125.31|||
12OCT2020|ENGRO|0809|Engro Corp|301.01|304.07|298.11|299.63|498049|300.74|||
12OCT2020|EFERT|0809|Engro Fert.|61.35|62.60|61|61.23|2193889|61.27|||
12OCT2020|FFBL|0809|Fauji Fert Bin|18.62|19|18.05|18.16|1862000|18.67|||
12OCT2020|FFC|0809|Fauji Fert.|107.10|108.01|106.38|106.76|388874|107.39|||
12OCT2020|ABOT|0823|Abbott Lab.XD|762|767.95|750.02|753.62|1900|761.55|||
12OCT2020|AGP|0823|AGP Limited|103.99|108.99|103.90|106.17|1232500|104.15|||
12OCT2020|FEROZ|0823|Ferozsons (Lab)|393.50|398.89|381.05|385.68|132000|393.34|||
12OCT2020|GLAXO|0823|GlaxoSmithKline|175.89|177.25|175|175.05|148300|174.20|||
12OCT2020|GSKCH|0823|Glaxo Healthcar|293.70|299|289|290|8800|289.65|||
12OCT2020|HINOON|0823|Highnoon (Lab)|611.75|612|603|606.36|2400|611|||
12OCT2020|SEARL|0823|The Searle Co.|263|267.50|255.62|257.25|819385|262.11|||
12OCT2020|WYETH|0823|Wyeth Pak Ltd|901|901|900|900|150|914|||
12OCT2020|BAPL|0805|Bawany Air Products|20.33|21.80|20.33|20.76|7000|21.95|||
12OCT2020|BIFO|0805|Biafo Ind.|169|169.50|167|168.02|6200|167.71|||
12OCT2020|BERG|0805|Berger Paints|82.11|82.52|79|79.37|24000|84.32|||
12OCT2020|BUXL|0805|Buxly Paints|57|57.13|57|57.13|5000|53.15|||
12OCT2020|ARPL|0805|Archroma Pak|560.01|583|560|560.03|5900|568.50|||
12OCT2020|CTM|0830|Colony Tex.Mills Ltd|3.47|3.55|3.45|3.55|55500|3.48|||
12OCT2020|DOL|0805|Descon OxychemXD|37|37.55|33.91|34.27|865000|36.54|||
12OCT2020|DAAG|0805|Data Agro|0|9.40|9.40|10.20|1000|10.20|||
12OCT2020|DYNO|0805|Dynea PakistanXD|175|177|170|171.93|6500|174|||
12OCT2020|EPCL|0805|Engro Polymer|44.05|44.80|42.02|42.89|3080000|44.01|||
12OCT2020|FATIMA|0809|Fatima Fert.|28.79|28.84|28|28.07|19500|28.74|||
12OCT2020|GGL|0805|Ghani Global Ho|14.40|14.75|14|14.18|723500|14.42|||
12OCT2020|ICI|0805|ICI PakistanXD|723.90|723.90|708|709.51|7250|709.63|||
12OCT2020|ICL|0805|Ittehad Chem.|30.50|31|29.60|29.98|91000|30.32|||
12OCT2020|LPGL|0805|Leiner Pak Gelat|16.24|16.24|16.24|16.24|1000|16.12|||
12OCT2020|LOTCHEM|0805|Lotte Chemical|12.09|12.10|11.60|11.67|1648000|11.90|||
12OCT2020|PPVC|0805|Pak.P.V.C.|2.31|3.04|2.10|2.90|8000|2.81|||
12OCT2020|PAKOXY|0805|Pak Oxygen Ltd.|144.50|154.16|143.70|152.14|130300|143.41|||
12OCT2020|NRSL|0805|Nimir Resins|8.39|8.44|7.80|7.96|646000|8.29|||
12OCT2020|SARC|0805|Sardar Chemical|18.52|18.52|18.52|18.52|1500|17.90|||
12OCT2020|SITC|0805|Sitara Chemical|312|315|312|315|600|321.96|||
12OCT2020|SPL|0805|Sitara Peroxide|23.10|23.70|22.40|22.68|142000|23.49|||
12OCT2020|WAHN|0805|Wah-Noble|231.54|231.54|214.18|215.11|1100|231.54|||
12OCT2020|CEPB|0822|Century PaperXDXB|93.67|103.59|93.67|103.57|1048500|96.37|||
12OCT2020|CPPL|0822|Cherat Pack|175.40|184.80|175.40|177.13|21000|180.22|||
12OCT2020|MERIT|0822|Merit Packaging|15.02|15.75|14.61|14.80|206500|15.38|||
12OCT2020|PKGS|0822|Packages Ltd.|473|477.50|451.50|463.29|13800|472.84|||
12OCT2020|PPP|0822|Pak Paper Prod|86|96|86|91.91|62000|89.88|||
12OCT2020|RPL|0822|Roshan Packages|36.01|37.98|35|35.52|697500|35.96|||
12OCT2020|SEPL|0822|Security Paper|206.80|209|205|207|6600|204.90|||
12OCT2020|POML|0834|Punjab Oil|149.86|149.86|136|136|700|140|||
12OCT2020|SSOM|0834|S.S.Oil|46.50|46.50|45.05|45.05|1000|46.01|||
12OCT2020|LEUL|0816|Leather Up Ltd.|14.41|14.41|14.11|14.11|2500|15.01|||
12OCT2020|SRVI|0816|Service Ind.Ltd|728.90|728.90|710|710|2600|725.50|||
12OCT2020|ASC|0810|Al-Shaheer Corp|20.30|20.40|19|19.19|1996500|20.14|||
12OCT2020|PREMA|0810|At-Tahur Ltd.|21.16|21.66|20.11|20.44|127500|21.40|||
12OCT2020|CLOV|0810|Clover Pakistan|86.50|88.95|84|84.46|162500|87.51|||
12OCT2020|IBLHL|0823|IBL HealthCare|94.98|95.11|90|90.41|61500|93.64|||
12OCT2020|ISIL|0810|Ismail Ind|379|379|379|379|100|409|||
12OCT2020|MFL|0810|Matco Foods Ltd|20.95|22.18|20.95|21.95|489000|20.93|||
12OCT2020|NESTLE|0810|Nestle Pakistan|6599.99|6600|6482|6497.75|220|6510|||
12OCT2020|MUREB|0810|Murree Brewery|573.50|584|572|572|1750|585|||
12OCT2020|NATF|0810|National FoodsXDXB|229.90|234.89|226|227.09|70900|229.55|||
12OCT2020|FFL|0810|Fauji Foods Ltd|15.80|15.88|14.76|14.91|5752000|15.70|||
12OCT2020|QUICE|0810|Quice Food|4.90|4.90|4.61|4.64|200000|4.74|||
12OCT2020|SHEZ|0810|Shezan Inter.|305.01|325|305.01|320.72|2400|320.54|||
12OCT2020|TOMCL|0810|The Organic Mea|29.42|29.65|28.75|28.87|698000|29.42|||
12OCT2020|SCL|0810|Shield Corp.|288.32|288.32|270|279.16|3900|268.21|||
12OCT2020|TREET|0810|Treet Corp|25|26.23|24.42|24.80|5114500|24.69|||
12OCT2020|ZIL|0810|ZIL Limited|109.65|110|108|108.37|3200|108.39|||
12OCT2020|BGL|0811|Bal.Glass|6.21|6.44|6.10|6.16|336500|6.21|||
12OCT2020|FRCL|0811|Frontier Ceram|13.12|13.25|13|13.20|9500|12.71|||
12OCT2020|GHGL|0811|Ghani Glass Ltd|52|52|51.50|51.56|5500|52.44|||
12OCT2020|GGGL|0811|GhaniGlobalGlass|14.84|14.84|13.67|13.89|479500|14.63|||
12OCT2020|GVGL|0811|Ghani Value Glas|42|42|41.70|41.70|2000|41.70|||
12OCT2020|KCL|0811|Karam Ceramics|25.76|25.76|25.76|25.76|500|27.84|||
12OCT2020|TGL|0811|Tariq Glass Ind.|88.92|90.40|86|86.02|172000|88.92|||
12OCT2020|STCL|0811|Shabbir Tiles|13.40|13.69|12.90|12.99|652500|13.33|||
12OCT2020|GAMON|0818|Gammon Pak|12.31|12.31|12.31|12.31|500|13|||
12OCT2020|MACFL|0818|MACPAC Films|20.30|21.25|19.90|19.97|307500|20.62|||
12OCT2020|ECOP|0818|ECOPACK Ltd|17.26|18.15|16.99|18.15|2428000|16.89|||
12OCT2020|PACE|0818|Pace (Pak) Ltd.|3.10|3.20|2.90|2.92|707500|3.10|||
12OCT2020|PHDL|0818|Pak Hotels|107.11|107.11|105.45|105.73|3500|114|||
12OCT2020|AKDCL|0818|AKD Capital|104.28|104.28|98|102.15|2000|97.01|||
12OCT2020|SHFA|0818|Shifa Int.Hosp|230|231.05|230|230|19800|230.15|||
12OCT2020|STPL|0818|Siddiqsons Tin|12.39|12.50|11.90|11.96|983500|12.28|||
12OCT2020|TPLP|0818|TPL Properties|9.48|9.50|9|9|290000|9.21|||
12OCT2020|TRIPF|0818|Tri-Pack Films|187.50|189.50|179|180.60|73500|185.90|||
12OCT2020|UBDL|0818|United Brands|29.50|30.01|29|29.01|7500|30.89|||
12OCT2020|FATIMASC|36|Fatima Fert(Suk|0|0|0|100.9869|0|100.9869|||
12OCT2020|BYCOSC|36|Byco Petro(SC)|0|0|0|100.1025|0|100.1025|||
12OCT2020|DAWHSC1|36|Dawood Her(Suku|0|0|0|101.30|0|101.30|||
12OCT2020|DAWHSC2|36|Dawood Her(Suku|0|0|0|101.4574|0|101.3338|||
12OCT2020|EPCLSC|36|Engro Polymer(S|0|0|0|101.7763|0|101.7763|||
12OCT2020|HUBCSC2|36|Hub PowerSC2|0|0|0|102.4818|0|102.4818|||
12OCT2020|BIPLSC|36|Bank IslamiSC|0|0|0|99.9999|0|99.9999|||
12OCT2020|PESC2|36|Pak Energy(Suku|0|0|0|100.3651|0|100.3366|||
12OCT2020|KELSC5|36|K-Electric(SUKUK5)|0|0|0|102.8170|0|102.8170|||
12OCT2020|AKBLTFC7|36|Askari Bank(TFC|99.50|99.50|99.50|100|50|100|||
12OCT2020|FCCL-COCT|40|FCCL-COCT|0|0|0|20.07|0|20.55|||
12OCT2020|FFC-COCT|40|FFC-COCT|0|0|0|107.39|0|108.06|||
12OCT2020|HBL-COCT|40|HBL-COCT|0|0|0|134.49|0|136.85|||
12OCT2020|KAPCO-COCT|40|KAPCO-COCT|0|0|0|26.44|0|27.32|||
12OCT2020|NML-COCT|40|NML-COCT|0|0|0|101.18|0|103|||
12OCT2020|SNGP-COCT|40|SNGP-COCT|0|0|0|59.68|0|61.71|||
12OCT2020|UBL-COCT|40|UBL-COCT|0|0|0|123.30|0|123.65|||
12OCT2020|FCCL-CNOV|40|FCCL-CNOV|0|0|0|20.24|0|20.73|||
12OCT2020|FFC-CNOV|40|FFC-CNOV|0|0|0|108.33|0|109|||
12OCT2020|HBL-CNOV|40|HBL-CNOV|0|0|0|135.67|0|138.04|||
12OCT2020|KAPCO-CNOV|40|KAPCO-CNOV|0|0|0|26.67|0|27.56|||
12OCT2020|NML-CNOV|40|NML-CNOV|0|0|0|102.06|0|103.90|||
12OCT2020|SNGP-CNOV|40|SNGP-CNOV|0|0|0|60.20|0|62.25|||
12OCT2020|UBL-CNOV|40|UBL-CNOV|0|0|0|124.37|0|124.72|||
12OCT2020|DGKC-CDEC|40|DGKC-CDEC|0|0|0|109.50|0|112.18|||
12OCT2020|FFC-CDEC|40|FFC-CDEC|0|0|0|109.27|0|109.94|||
12OCT2020|HBL-CDEC|40|HBL-CDEC|0|0|0|136.84|0|139.23|||
12OCT2020|KAPCO-CDEC|40|KAPCO-CDEC|0|0|0|26.90|0|27.80|||
12OCT2020|NML-CDEC|40|NML-CDEC|0|0|0|102.94|0|104.79|||
12OCT2020|UBL-CDEC|40|UBL-CDEC|0|0|0|125.45|0|125.80|||
12OCT2020|DGKC-COCT|40|DGKC-COCT|0|0|0|107.63|0|110.27|||
12OCT2020|EPCL-COCT|40|EPCL-COCT|0|0|0|43.14|0|44.29|||
12OCT2020|DGKC-CNOV|40|DGKC-CNOV|0|0|0|108.56|0|111.22|||
12OCT2020|NCL-OCTB|40|NCL-OCTB|38.50|38.50|37.01|37.01|62000|38|||
12OCT2020|HUBC-OCT|40|HUBC-OCT|79.53|80|77.48|77.49|75500|79.22|||
12OCT2020|PSO-OCT|40|PSO-OCT|208.90|211.80|205.55|206.59|1526500|209.26|||
12OCT2020|SNGP-OCT|40|SNGP-OCT|61.30|61.89|59|59.26|506000|61.22|||
12OCT2020|MCB-OCT|40|MCB-OCT|177|177|176|176.50|2000|176.52|||
12OCT2020|NML-OCT|40|NML-OCT|99.39|100.10|95.15|97.31|112500|98.59|||
12OCT2020|ENGRO-OCT|40|ENGRO-OCT|303.90|304.70|300.10|300.73|32000|301.43|||
12OCT2020|FFC-OCT|40|FFC-OCT|107|107|107|107|1000|108|||
12OCT2020|FFBL-OCT|40|FFBL-OCT|19.10|19.10|18.05|18.18|771500|18.75|||
12OCT2020|LOTCHEM-OCT|40|LOTCHEM-OCT|11.80|12.30|11.66|11.69|284500|11.92|||
12OCT2020|AKBL-OCT|40|AKBL-OCT|0|0|0|18.06|0|18.12|||
12OCT2020|BOP-OCT|40|BOP-OCT|9.29|9.38|9.10|9.15|977500|9.26|||
12OCT2020|DGKC-OCT|40|DGKC-OCT|110|110.24|106.65|107.20|2232000|109.77|||
12OCT2020|LUCK-OCT|40|LUCK-OCT|654|657.94|645.50|647.34|121500|655.74|||
12OCT2020|MLCF-OCT|40|MLCF-OCT|39.30|39.35|36.90|37.43|6602500|39.01|||
12OCT2020|NBP-OCT|40|NBP-OCT|38.99|39.02|38.12|38.13|44000|38.68|||
12OCT2020|POL-OCT|40|POL-OCT|386|386|382|382|12000|385.72|||
12OCT2020|PPL-OCT|40|PPL-OCT|89.99|90.40|87|87.33|346500|89.99|||
12OCT2020|SSGC-OCT|40|SSGC-OCT|16.35|16.48|15.50|15.60|447000|16.37|||
12OCT2020|OGDC-OCTB|40|OGDC-OCTB|102.75|103.95|100|100.36|226000|103.63|||
12OCT2020|BAFL-OCT|40|BAFL-OCT|35.10|35.10|34.20|34.26|70500|35.20|||
12OCT2020|PIOC-OCT|40|PIOC-OCT|96.25|97.90|91.50|92.12|646000|97.01|||
12OCT2020|KAPCO-OCT|40|KAPCO-OCT|27.34|27.34|26.10|26.26|978500|27.23|||
12OCT2020|OGDC-COCT|40|OGDC-COCT|0|0|0|103.03|0|106.16|||
12OCT2020|NBP-COCT|40|NBP-COCT|0|0|0|38.32|0|38.91|||
12OCT2020|OGDC-CNOV|40|OGDC-CNOV|0|0|0|103.93|0|107.08|||
12OCT2020|NBP-CNOV|40|NBP-CNOV|0|0|0|38.65|0|39.25|||
12OCT2020|OGDC-CDEC|40|OGDC-CDEC|0|0|0|104.82|0|108.01|||
12OCT2020|NBP-CDEC|40|NBP-CDEC|0|0|0|38.98|0|39.59|||
12OCT2020|PPL-COCT|40|PPL-COCT|0|0|0|88.93|0|91.12|||
12OCT2020|PSO-COCT|40|PSO-COCT|0|0|0|207.17|0|209.81|||
12OCT2020|ENGRO-COCT|40|ENGRO-COCT|0|0|0|301.41|0|302.62|||
12OCT2020|BOP-COCT|40|BOP-COCT|0|0|0|9.19|0|9.31|||
12OCT2020|MCB-COCT|40|MCB-COCT|0|0|0|177.49|0|177.55|||
12OCT2020|HUBC-COCT|40|HUBC-COCT|0|0|0|77.99|0|79.75|||
12OCT2020|LUCK-COCT|40|LUCK-COCT|0|0|0|650.66|0|659.04|||
12OCT2020|BAFL-COCT|40|BAFL-COCT|0|0|0|34.47|0|35.19|||
12OCT2020|PPL-CNOV|40|PPL-CNOV|0|0|0|89.70|0|91.91|||
12OCT2020|PSO-CNOV|40|PSO-CNOV|0|0|0|208.98|0|211.64|||
12OCT2020|ENGRO-CNOV|40|ENGRO-CNOV|0|0|0|304.04|0|305.25|||
12OCT2020|BOP-CNOV|40|BOP-CNOV|0|0|0|9.27|0|9.39|||
12OCT2020|MCB-CNOV|40|MCB-CNOV|0|0|0|179.03|0|179.10|||
12OCT2020|HUBC-CNOV|40|HUBC-CNOV|0|0|0|78.67|0|80.44|||
12OCT2020|LUCK-CNOV|40|LUCK-CNOV|0|0|0|656.32|0|664.78|||
12OCT2020|BAFL-CNOV|40|BAFL-CNOV|0|0|0|34.77|0|35.49|||
12OCT2020|AICL-OCT|40|AICL-OCT|0|0|0|40.84|0|41|||
12OCT2020|ATRL-OCT|40|ATRL-OCT|141.11|143.16|131.25|132.43|1978000|141.24|||
12OCT2020|FCCL-OCT|40|FCCL-OCT|20.60|20.75|19.75|19.98|545000|20.50|||
12OCT2020|NETSOL-OCT|40|NETSOL-OCT|58|58.79|54.10|55.19|302000|58.16|||
12OCT2020|UBL-OCT|40|UBL-OCT|123.11|124.20|122.60|122.79|13500|123.36|||
12OCT2020|NRL-OCT|40|NRL-OCT|172.50|175.50|160.65|162.22|569000|172.77|||
12OCT2020|HBL-OCT|40|HBL-OCT|136.50|138.50|134|134.43|60500|136.64|||
12OCT2020|PPL-CDEC|40|PPL-CDEC|0|0|0|90.47|0|92.70|||
12OCT2020|PSO-CDEC|40|PSO-CDEC|0|0|0|210.78|0|213.46|||
12OCT2020|ENGRO-CDEC|40|ENGRO-CDEC|0|0|0|306.66|0|307.88|||
12OCT2020|BOP-CDEC|40|BOP-CDEC|0|0|0|9.35|0|9.47|||
12OCT2020|MCB-CDEC|40|MCB-CDEC|0|0|0|180.58|0|180.64|||
12OCT2020|HUBC-CDEC|40|HUBC-CDEC|0|0|0|79.35|0|81.13|||
12OCT2020|LUCK-CDEC|40|LUCK-CDEC|0|0|0|661.99|0|670.51|||
12OCT2020|BAFL-CDEC|40|BAFL-CDEC|0|0|0|35.07|0|35.80|||
12OCT2020|LOTCHEM-CNOV|40|LOTCHEM-CNOV|0|0|0|11.84|0|12.08|||
12OCT2020|BAHL-OCT|40|BAHL-OCT|0|63.02|63.02|63.02|46000|63.02|||
12OCT2020|LOTCHEM-CDEC|40|LOTCDEC-CDEC|0|0|0|11.94|0|12.18|||
12OCT2020|LOTCHEM-COCT|40|LOTCHEM-COCT|0|0|0|11.74|0|11.97|||
12OCT2020|CHCC-COCT|40|CHCC-COCT|0|0|0|122.30|0|125.12|||
12OCT2020|PIOC-CNOV|40|PIOC-CNOV|0|0|0|93.20|0|98.02|||
12OCT2020|FCCL-CDEC|40|FCCL-CDEC|0|0|0|20.42|0|20.91|||
12OCT2020|PIOC-CDEC|40|PIOC-CDEC|0|0|0|94.01|0|98.86|||
12OCT2020|SNGP-CDEC|40|SNGP-CDEC|0|0|0|60.72|0|62.79|||
12OCT2020|MLCF-COCT|40|MLCF-COCT|0|0|0|37.55|0|39.05|||
12OCT2020|PIOC-COCT|40|PIOC-COCT|0|0|0|92.40|0|97.17|||
12OCT2020|CHCC-CNOV|40|CHCC-CNOV|0|0|0|123.37|0|126.21|||
12OCT2020|EPCL-CNOV|40|EPCL-CNOV|0|0|0|43.52|0|44.67|||
12OCT2020|KEL-CNOV|40|KEL-CNOV|0|0|0|3.79|0|3.80|||
12OCT2020|MLCF-CNOV|40|MLCF-CNOV|0|0|0|37.88|0|39.39|||
12OCT2020|PAEL-CNOV|40|PAEL-CNOV|0|0|0|33.25|0|35.08|||
12OCT2020|CHCC-OCT|40|CHCC-OCT|124.75|128|120.51|121.94|512500|124.83|||
12OCT2020|EPCL-OCT|40|EPCL-OCT|44.29|45|42.65|42.98|684500|44.11|||
12OCT2020|GATM-OCT|40|GATM-OCT|39|39.10|37.15|37.25|173500|38.81|||
12OCT2020|KEL-OCT|40|KEL-OCT|3.80|3.90|3.70|3.75|1688000|3.76|||
12OCT2020|PAEL-OCT|40|PAEL-OCT|34.64|35.25|32.30|32.74|6269000|34.64|||
12OCT2020|MLCF-CDEC|40|MLCF-CDEC|0|0|0|38.21|0|39.73|||
12OCT2020|KEL-CDEC|40|KEL-CDEC|0|0|0|3.83|0|3.83|||
12OCT2020|PAEL-CDEC|40|PAEL-CDEC|0|0|0|33.54|0|35.38|||
12OCT2020|GATM-CDEC|40|GATM-CDEC|0|0|0|38.35|0|39.49|||
12OCT2020|EPCL-CDEC|40|EPCL-CDEC|0|0|0|43.90|0|45.06|||
12OCT2020|CHCC-CDEC|40|CHCC-CDEC|0|0|0|124.43|0|127.29|||
12OCT2020|EFERT-COCT|40|EFERT-COCT|0|0|0|61.59|0|61.65|||
12OCT2020|KEL-COCT|40|KEL-COCT|0|0|0|3.76|0|3.76|||
12OCT2020|PAEL-COCT|40|PAEL-COCT|0|0|0|32.96|0|34.78|||
12OCT2020|SEARL-COCT|40|SEARL-COCT|0|0|0|258.78|0|263.75|||
12OCT2020|EFERT-CNOV|40|EFERT-CNOV|0|0|0|62.13|0|62.19|||
12OCT2020|EFERT-OCT|40|EFERT-OCT|61.79|62.80|61.30|61.37|90000|61.28|||
12OCT2020|EFERT-CDEC|40|EFERT-CDEC|0|0|0|62.67|0|62.73|||
12OCT2020|HASCOL-COCT|40|HASCOL-COCT|0|0|0|15.72|0|16.79|||
12OCT2020|ISL-COCT|40|ISL-COCT|0|0|0|71.04|0|73.38|||
12OCT2020|TRG-COCT|40|TRG-COCT|0|0|0|45.91|0|49.32|||
12OCT2020|ASTL-CNOV|40|ASTL-CNOV|0|0|0|40.90|0|43.23|||
12OCT2020|TRG-CNOV|40|TRG-CNOV|0|0|0|46.31|0|49.75|||
12OCT2020|ISL-CNOV|40|ISL-CNOV|0|0|0|71.66|0|74.01|||
12OCT2020|HASCOL-CNOV|40|HASCOL-CNOV|0|0|0|15.86|0|16.94|||
12OCT2020|TRG-OCT|40|TRG-OCT|49.35|50.40|45.47|45.76|26968000|49.15|||
12OCT2020|ISL-OCT|40|ISL-OCT|73.50|74.90|70|70.64|1282000|73.29|||
12OCT2020|POWER-OCT|40|POWER-OCT|9.43|9.68|8.91|9.03|2234000|9.59|||
12OCT2020|HASCOL-OCT|40|HASCOL-OCT|16.66|16.97|15.51|15.67|23989500|16.76|||
12OCT2020|ASTL-OCT|40|ASTL-OCT|42.11|43.39|40.11|40.35|789000|42.77|||
12OCT2020|ASTL-CDEC|40|ASTL-CDEC|0|0|0|41.26|0|43.60|||
12OCT2020|TRG-CDEC|40|TRG-CDEC|0|0|0|46.71|0|50.17|||
12OCT2020|ISL-CDEC|40|ISL-CDEC|0|0|0|72.28|0|74.65|||
12OCT2020|HASCOL-CDEC|40|HASCOL-CDEC|0|0|0|16|0|17.09|||
12OCT2020|TREET-OCT|40|TREET-OCT|25.30|26.29|24.55|24.89|2111500|24.86|||
12OCT2020|DCR-OCT|40|DCR-OCT|11.54|11.54|10.75|10.75|42500|11.04|||
12OCT2020|DOL-OCT|40|DOL-OCT|37|38|34.20|34.45|337000|36.61|||
12OCT2020|MUGHAL-OCT|40|MUGHAL-OCT|67.33|67.99|64.55|64.91|108500|66.63|||
12OCT2020|PIBTL-OCT|40|PIBTL-OCT|12.15|12.50|11.65|11.75|5680000|12.14|||
12OCT2020|PRL-OCT|40|PRL-OCT|18.33|19|17.01|17.19|5732000|18.33|||
12OCT2020|UNITY-OCT|40|UNITY-OCT|17.30|17.47|16.12|16.39|11670500|17.38|||
12OCT2020|MUGHAL-CDEC|40|MUGHAL-CDEC|0|0|0|66.62|0|68.45|||
12OCT2020|ASTL-COCT|40|ASTL-COCT|0|0|0|40.55|0|42.86|||
12OCT2020|MEBL-COCT|40|MEBL-COCT|0|0|0|81.11|0|82.41|||
12OCT2020|MUGHAL-COCT|40|MUGHAL-COCT|0|0|0|65.48|0|67.28|||
12OCT2020|MEBL-CNOV|40|MEBL-CNOV|0|0|0|81.82|0|83.13|||
12OCT2020|MUGHAL-CNOV|40|MUGHAL-CNOV|0|0|0|66.05|0|67.86|||
12OCT2020|SEARL-CNOV|40|SEARL-CNOV|0|0|0|261.03|0|266.04|||
12OCT2020|INIL-OCT|40|INIL-OCT|144.50|146.99|136.50|137.76|175000|144.59|||
12OCT2020|GHNI-OCT|40|GHNI-OCT|240.40|248.50|227|231.20|2449000|239.19|||
12OCT2020|GTYR-OCT|40|GTYR-OCT|66.50|67.48|63|63.51|107000|66.24|||
12OCT2020|PSMC-OCT|40|PSMC-OCT|200|204|192.50|193.40|134000|199.33|||
12OCT2020|MEBL-OCT|40|MEBL-OCT|82.85|82.85|80.55|80.97|69500|81.99|||
12OCT2020|KOHC-OCT|40|KOHC-OCT|197.50|199.40|197.50|199.40|2000|196.77|||
12OCT2020|MEBL-CDEC|40|MEBL-CDEC|0|0|0|82.52|0|83.85|||
12OCT2020|SEARL-CDEC|40|SEARL-CDEC|0|0|0|263.29|0|268.34|||
12OCT2020|SEARL-OCTB|40|SEARL-OCTB|261|266.50|255.01|256.39|378500|261.23|||
12OCT2020|INIL-COCT|40|INIL-COCT|0|0|0|138.48|0|144.57|||
12OCT2020|UNITY-COCT|40|UNITY-COCT|0|0|0|16.39|0|17.38|||
12OCT2020|UNITY-CNOV|40|UNITY-CNOV|0|0|0|16.53|0|17.53|||
12OCT2020|KOHC-CNOV|40|KOHC-CNOV|0|0|0|196.94|0|199.67|||
12OCT2020|INIL-CNOV|40|INIL-CNOV|0|0|0|139.68|0|145.83|||
12OCT2020|CEPB-OCT|40|CEPB-OCT|97|103.51|97|103.51|97000|96.29|||
12OCT2020|SYS-OCT|40|SYS-OCT|285|287.20|281.01|281.20|16500|286.40|||
12OCT2020|TGL-OCT|40|TGL-OCT|88.15|89.99|86.25|86.31|60000|89.50|||
12OCT2020|AVN-OCT|40|AVN-OCT|68.50|68.80|64.10|64.64|901000|67.97|||
12OCT2020|GHNL-OCT|40|GHNL-OCT|86.01|93.97|84.60|85.88|310500|89.89|||
12OCT2020|UNITY-CDEC|40|UNITY-CDEC|0|0|0|16.67|0|17.68|||
12OCT2020|INIL-CDEC|40|INIL-CDEC|0|0|0|140.89|0|147.08|||
12OCT2020|KOHC-CDEC|40|KOHC-CDEC|0|0|0|198.64|0|201.39|||
12OCT2020|FEROZ-OCTB|40|FEROZ-OCTB|330|331|318|319.50|22500|327|||
12OCT2020|DCR|0836|Dolmen City|10.99|10.99|10.83|10.85|238000|10.97|||
12OCT2020|UBLP-ETF|0837|UBLPakistanETFXD|13.43|13.43|13.14|13.14|1106000|13.24|||
12OCT2020|NITG-ETF|0837|NIT Pakistan Ga|11.65|11.70|11.59|11.70|22500|11.46|||
12OCT2020|NBPG-ETF|0837|NBP Pakistan  G|10.49|10.49|10.35|10.42|7000|10.21|||
12OCT2020|MZNP-ETF|0837|Meezan Pakistan|10.56|10.63|10.23|10.35|117500|10.60|||
